[2023-01-28T01:54:01.796+0000] {taskinstance.py:1083} INFO - Dependencies all met for <TaskInstance: hello_world_dag.hello_world_task scheduled__2023-01-28T01:53:00+00:00 [queued]>
[2023-01-28T01:54:01.804+0000] {taskinstance.py:1083} INFO - Dependencies all met for <TaskInstance: hello_world_dag.hello_world_task scheduled__2023-01-28T01:53:00+00:00 [queued]>
[2023-01-28T01:54:01.804+0000] {taskinstance.py:1279} INFO - 
--------------------------------------------------------------------------------
[2023-01-28T01:54:01.805+0000] {taskinstance.py:1280} INFO - Starting attempt 1 of 4
[2023-01-28T01:54:01.805+0000] {taskinstance.py:1281} INFO - 
--------------------------------------------------------------------------------
[2023-01-28T01:54:01.823+0000] {taskinstance.py:1300} INFO - Executing <Task(PythonOperator): hello_world_task> on 2023-01-28 01:53:00+00:00
[2023-01-28T01:54:01.826+0000] {standard_task_runner.py:55} INFO - Started process 1323 to run task
[2023-01-28T01:54:01.828+0000] {standard_task_runner.py:82} INFO - Running: ['***', 'tasks', 'run', 'hello_world_dag', 'hello_world_task', 'scheduled__2023-01-28T01:53:00+00:00', '--job-id', '546', '--raw', '--subdir', 'DAGS_FOLDER/hello_world_dag.py', '--cfg-path', '/tmp/tmp74r2t92u']
[2023-01-28T01:54:01.829+0000] {standard_task_runner.py:83} INFO - Job 546: Subtask hello_world_task
[2023-01-28T01:54:01.882+0000] {task_command.py:388} INFO - Running <TaskInstance: hello_world_dag.hello_world_task scheduled__2023-01-28T01:53:00+00:00 [running]> on host 9be4ecca8506
[2023-01-28T01:54:01.949+0000] {taskinstance.py:1509} INFO - Exporting the following env vars:
AIRFLOW_CTX_DAG_OWNER=Ranga
AIRFLOW_CTX_DAG_ID=hello_world_dag
AIRFLOW_CTX_TASK_ID=hello_world_task
AIRFLOW_CTX_EXECUTION_DATE=2023-01-28T01:53:00+00:00
AIRFLOW_CTX_TRY_NUMBER=1
AIRFLOW_CTX_DAG_RUN_ID=scheduled__2023-01-28T01:53:00+00:00
[2023-01-28T01:54:01.949+0000] {logging_mixin.py:137} INFO - Hello World!
[2023-01-28T01:54:01.949+0000] {python.py:177} INFO - Done. Returned value was: None
[2023-01-28T01:54:01.957+0000] {taskinstance.py:1323} INFO - Marking task as SUCCESS. dag_id=hello_world_dag, task_id=hello_world_task, execution_date=20230128T015300, start_date=20230128T015401, end_date=20230128T015401
[2023-01-28T01:54:02.000+0000] {local_task_job.py:208} INFO - Task exited with return code 0
[2023-01-28T01:54:02.020+0000] {taskinstance.py:2578} INFO - 1 downstream tasks scheduled from follow-on schedule check
