[2023-02-01T14:18:02.132+0000] {taskinstance.py:1083} INFO - Dependencies all met for <TaskInstance: hello_world_dag.hello_world_task scheduled__2023-02-01T14:17:00+00:00 [queued]>
[2023-02-01T14:18:02.141+0000] {taskinstance.py:1083} INFO - Dependencies all met for <TaskInstance: hello_world_dag.hello_world_task scheduled__2023-02-01T14:17:00+00:00 [queued]>
[2023-02-01T14:18:02.141+0000] {taskinstance.py:1279} INFO - 
--------------------------------------------------------------------------------
[2023-02-01T14:18:02.141+0000] {taskinstance.py:1280} INFO - Starting attempt 1 of 4
[2023-02-01T14:18:02.141+0000] {taskinstance.py:1281} INFO - 
--------------------------------------------------------------------------------
[2023-02-01T14:18:02.158+0000] {taskinstance.py:1300} INFO - Executing <Task(PythonOperator): hello_world_task> on 2023-02-01 14:17:00+00:00
[2023-02-01T14:18:02.162+0000] {standard_task_runner.py:55} INFO - Started process 187 to run task
[2023-02-01T14:18:02.164+0000] {standard_task_runner.py:82} INFO - Running: ['***', 'tasks', 'run', 'hello_world_dag', 'hello_world_task', 'scheduled__2023-02-01T14:17:00+00:00', '--job-id', '2587', '--raw', '--subdir', 'DAGS_FOLDER/hello_world_dag.py', '--cfg-path', '/tmp/tmpl93x6qu5']
[2023-02-01T14:18:02.164+0000] {standard_task_runner.py:83} INFO - Job 2587: Subtask hello_world_task
[2023-02-01T14:18:02.218+0000] {task_command.py:388} INFO - Running <TaskInstance: hello_world_dag.hello_world_task scheduled__2023-02-01T14:17:00+00:00 [running]> on host 9be4ecca8506
[2023-02-01T14:18:02.301+0000] {taskinstance.py:1509} INFO - Exporting the following env vars:
AIRFLOW_CTX_DAG_OWNER=Ranga
AIRFLOW_CTX_DAG_ID=hello_world_dag
AIRFLOW_CTX_TASK_ID=hello_world_task
AIRFLOW_CTX_EXECUTION_DATE=2023-02-01T14:17:00+00:00
AIRFLOW_CTX_TRY_NUMBER=1
AIRFLOW_CTX_DAG_RUN_ID=scheduled__2023-02-01T14:17:00+00:00
[2023-02-01T14:18:02.301+0000] {logging_mixin.py:137} INFO - Hello World!
[2023-02-01T14:18:02.301+0000] {python.py:177} INFO - Done. Returned value was: None
[2023-02-01T14:18:02.310+0000] {taskinstance.py:1323} INFO - Marking task as SUCCESS. dag_id=hello_world_dag, task_id=hello_world_task, execution_date=20230201T141700, start_date=20230201T141802, end_date=20230201T141802
[2023-02-01T14:18:02.335+0000] {local_task_job.py:208} INFO - Task exited with return code 0
[2023-02-01T14:18:02.356+0000] {taskinstance.py:2578} INFO - 1 downstream tasks scheduled from follow-on schedule check
