[2023-01-29T17:12:02.280+0000] {taskinstance.py:1083} INFO - Dependencies all met for <TaskInstance: hello_world_dag.hello_world_task scheduled__2023-01-29T17:11:00+00:00 [queued]>
[2023-01-29T17:12:02.291+0000] {taskinstance.py:1083} INFO - Dependencies all met for <TaskInstance: hello_world_dag.hello_world_task scheduled__2023-01-29T17:11:00+00:00 [queued]>
[2023-01-29T17:12:02.291+0000] {taskinstance.py:1279} INFO - 
--------------------------------------------------------------------------------
[2023-01-29T17:12:02.291+0000] {taskinstance.py:1280} INFO - Starting attempt 1 of 4
[2023-01-29T17:12:02.291+0000] {taskinstance.py:1281} INFO - 
--------------------------------------------------------------------------------
[2023-01-29T17:12:02.348+0000] {taskinstance.py:1300} INFO - Executing <Task(PythonOperator): hello_world_task> on 2023-01-29 17:11:00+00:00
[2023-01-29T17:12:02.353+0000] {standard_task_runner.py:55} INFO - Started process 19528 to run task
[2023-01-29T17:12:02.356+0000] {standard_task_runner.py:82} INFO - Running: ['***', 'tasks', 'run', 'hello_world_dag', 'hello_world_task', 'scheduled__2023-01-29T17:11:00+00:00', '--job-id', '1541', '--raw', '--subdir', 'DAGS_FOLDER/hello_world_dag.py', '--cfg-path', '/tmp/tmpae83v6x1']
[2023-01-29T17:12:02.357+0000] {standard_task_runner.py:83} INFO - Job 1541: Subtask hello_world_task
[2023-01-29T17:12:02.430+0000] {task_command.py:388} INFO - Running <TaskInstance: hello_world_dag.hello_world_task scheduled__2023-01-29T17:11:00+00:00 [running]> on host 9be4ecca8506
[2023-01-29T17:12:02.598+0000] {taskinstance.py:1509} INFO - Exporting the following env vars:
AIRFLOW_CTX_DAG_OWNER=Ranga
AIRFLOW_CTX_DAG_ID=hello_world_dag
AIRFLOW_CTX_TASK_ID=hello_world_task
AIRFLOW_CTX_EXECUTION_DATE=2023-01-29T17:11:00+00:00
AIRFLOW_CTX_TRY_NUMBER=1
AIRFLOW_CTX_DAG_RUN_ID=scheduled__2023-01-29T17:11:00+00:00
[2023-01-29T17:12:02.599+0000] {logging_mixin.py:137} INFO - Hello World!
[2023-01-29T17:12:02.599+0000] {python.py:177} INFO - Done. Returned value was: None
[2023-01-29T17:12:02.609+0000] {taskinstance.py:1323} INFO - Marking task as SUCCESS. dag_id=hello_world_dag, task_id=hello_world_task, execution_date=20230129T171100, start_date=20230129T171202, end_date=20230129T171202
[2023-01-29T17:12:02.648+0000] {local_task_job.py:208} INFO - Task exited with return code 0
[2023-01-29T17:12:02.675+0000] {taskinstance.py:2578} INFO - 1 downstream tasks scheduled from follow-on schedule check
