[2023-01-28T16:05:01.994+0000] {taskinstance.py:1083} INFO - Dependencies all met for <TaskInstance: hello_world_dag.hello_world_task scheduled__2023-01-28T16:04:00+00:00 [queued]>
[2023-01-28T16:05:02.006+0000] {taskinstance.py:1083} INFO - Dependencies all met for <TaskInstance: hello_world_dag.hello_world_task scheduled__2023-01-28T16:04:00+00:00 [queued]>
[2023-01-28T16:05:02.007+0000] {taskinstance.py:1279} INFO - 
--------------------------------------------------------------------------------
[2023-01-28T16:05:02.007+0000] {taskinstance.py:1280} INFO - Starting attempt 1 of 4
[2023-01-28T16:05:02.007+0000] {taskinstance.py:1281} INFO - 
--------------------------------------------------------------------------------
[2023-01-28T16:05:02.028+0000] {taskinstance.py:1300} INFO - Executing <Task(PythonOperator): hello_world_task> on 2023-01-28 16:04:00+00:00
[2023-01-28T16:05:02.033+0000] {standard_task_runner.py:55} INFO - Started process 13334 to run task
[2023-01-28T16:05:02.035+0000] {standard_task_runner.py:82} INFO - Running: ['***', 'tasks', 'run', 'hello_world_dag', 'hello_world_task', 'scheduled__2023-01-28T16:04:00+00:00', '--job-id', '1154', '--raw', '--subdir', 'DAGS_FOLDER/hello_world_dag.py', '--cfg-path', '/tmp/tmp6r83lfkn']
[2023-01-28T16:05:02.035+0000] {standard_task_runner.py:83} INFO - Job 1154: Subtask hello_world_task
[2023-01-28T16:05:02.100+0000] {task_command.py:388} INFO - Running <TaskInstance: hello_world_dag.hello_world_task scheduled__2023-01-28T16:04:00+00:00 [running]> on host 9be4ecca8506
[2023-01-28T16:05:02.190+0000] {taskinstance.py:1509} INFO - Exporting the following env vars:
AIRFLOW_CTX_DAG_OWNER=Ranga
AIRFLOW_CTX_DAG_ID=hello_world_dag
AIRFLOW_CTX_TASK_ID=hello_world_task
AIRFLOW_CTX_EXECUTION_DATE=2023-01-28T16:04:00+00:00
AIRFLOW_CTX_TRY_NUMBER=1
AIRFLOW_CTX_DAG_RUN_ID=scheduled__2023-01-28T16:04:00+00:00
[2023-01-28T16:05:02.191+0000] {logging_mixin.py:137} INFO - Hello World!
[2023-01-28T16:05:02.191+0000] {python.py:177} INFO - Done. Returned value was: None
[2023-01-28T16:05:02.201+0000] {taskinstance.py:1323} INFO - Marking task as SUCCESS. dag_id=hello_world_dag, task_id=hello_world_task, execution_date=20230128T160400, start_date=20230128T160501, end_date=20230128T160502
[2023-01-28T16:05:02.246+0000] {local_task_job.py:208} INFO - Task exited with return code 0
[2023-01-28T16:05:02.272+0000] {taskinstance.py:2578} INFO - 1 downstream tasks scheduled from follow-on schedule check
