[2023-01-31T02:30:02.086+0000] {taskinstance.py:1083} INFO - Dependencies all met for <TaskInstance: hello_world_dag.hello_world_task scheduled__2023-01-31T02:29:00+00:00 [queued]>
[2023-01-31T02:30:02.096+0000] {taskinstance.py:1083} INFO - Dependencies all met for <TaskInstance: hello_world_dag.hello_world_task scheduled__2023-01-31T02:29:00+00:00 [queued]>
[2023-01-31T02:30:02.097+0000] {taskinstance.py:1279} INFO - 
--------------------------------------------------------------------------------
[2023-01-31T02:30:02.097+0000] {taskinstance.py:1280} INFO - Starting attempt 1 of 4
[2023-01-31T02:30:02.097+0000] {taskinstance.py:1281} INFO - 
--------------------------------------------------------------------------------
[2023-01-31T02:30:02.136+0000] {taskinstance.py:1300} INFO - Executing <Task(PythonOperator): hello_world_task> on 2023-01-31 02:29:00+00:00
[2023-01-31T02:30:02.141+0000] {standard_task_runner.py:55} INFO - Started process 4368 to run task
[2023-01-31T02:30:02.143+0000] {standard_task_runner.py:82} INFO - Running: ['***', 'tasks', 'run', 'hello_world_dag', 'hello_world_task', 'scheduled__2023-01-31T02:29:00+00:00', '--job-id', '2029', '--raw', '--subdir', 'DAGS_FOLDER/hello_world_dag.py', '--cfg-path', '/tmp/tmphkqzgbrz']
[2023-01-31T02:30:02.144+0000] {standard_task_runner.py:83} INFO - Job 2029: Subtask hello_world_task
[2023-01-31T02:30:02.207+0000] {task_command.py:388} INFO - Running <TaskInstance: hello_world_dag.hello_world_task scheduled__2023-01-31T02:29:00+00:00 [running]> on host 9be4ecca8506
[2023-01-31T02:30:02.274+0000] {taskinstance.py:1509} INFO - Exporting the following env vars:
AIRFLOW_CTX_DAG_OWNER=Ranga
AIRFLOW_CTX_DAG_ID=hello_world_dag
AIRFLOW_CTX_TASK_ID=hello_world_task
AIRFLOW_CTX_EXECUTION_DATE=2023-01-31T02:29:00+00:00
AIRFLOW_CTX_TRY_NUMBER=1
AIRFLOW_CTX_DAG_RUN_ID=scheduled__2023-01-31T02:29:00+00:00
[2023-01-31T02:30:02.275+0000] {logging_mixin.py:137} INFO - Hello World!
[2023-01-31T02:30:02.275+0000] {python.py:177} INFO - Done. Returned value was: None
[2023-01-31T02:30:02.282+0000] {taskinstance.py:1323} INFO - Marking task as SUCCESS. dag_id=hello_world_dag, task_id=hello_world_task, execution_date=20230131T022900, start_date=20230131T023002, end_date=20230131T023002
[2023-01-31T02:30:02.315+0000] {local_task_job.py:208} INFO - Task exited with return code 0
[2023-01-31T02:30:02.340+0000] {taskinstance.py:2578} INFO - 1 downstream tasks scheduled from follow-on schedule check
