[2023-01-29T15:40:51.988+0000] {taskinstance.py:1083} INFO - Dependencies all met for <TaskInstance: crawl_tienphong.save-to-hdfs manual__2023-01-29T15:25:26.014526+00:00 [queued]>
[2023-01-29T15:40:51.998+0000] {taskinstance.py:1083} INFO - Dependencies all met for <TaskInstance: crawl_tienphong.save-to-hdfs manual__2023-01-29T15:25:26.014526+00:00 [queued]>
[2023-01-29T15:40:51.998+0000] {taskinstance.py:1279} INFO - 
--------------------------------------------------------------------------------
[2023-01-29T15:40:51.998+0000] {taskinstance.py:1280} INFO - Starting attempt 4 of 4
[2023-01-29T15:40:51.998+0000] {taskinstance.py:1281} INFO - 
--------------------------------------------------------------------------------
[2023-01-29T15:40:52.015+0000] {taskinstance.py:1300} INFO - Executing <Task(SSHOperator): save-to-hdfs> on 2023-01-29 15:25:26.014526+00:00
[2023-01-29T15:40:52.020+0000] {standard_task_runner.py:55} INFO - Started process 12255 to run task
[2023-01-29T15:40:52.022+0000] {standard_task_runner.py:82} INFO - Running: ['***', 'tasks', 'run', 'crawl_tienphong', 'save-to-hdfs', 'manual__2023-01-29T15:25:26.014526+00:00', '--job-id', '1437', '--raw', '--subdir', 'DAGS_FOLDER/crawl_tienphong.py', '--cfg-path', '/tmp/tmphz_xf6gj']
[2023-01-29T15:40:52.022+0000] {standard_task_runner.py:83} INFO - Job 1437: Subtask save-to-hdfs
[2023-01-29T15:40:52.085+0000] {task_command.py:388} INFO - Running <TaskInstance: crawl_tienphong.save-to-hdfs manual__2023-01-29T15:25:26.014526+00:00 [running]> on host 9be4ecca8506
[2023-01-29T15:40:52.164+0000] {taskinstance.py:1509} INFO - Exporting the following env vars:
AIRFLOW_CTX_DAG_OWNER=phukaioh
AIRFLOW_CTX_DAG_ID=crawl_tienphong
AIRFLOW_CTX_TASK_ID=save-to-hdfs
AIRFLOW_CTX_EXECUTION_DATE=2023-01-29T15:25:26.014526+00:00
AIRFLOW_CTX_TRY_NUMBER=4
AIRFLOW_CTX_DAG_RUN_ID=manual__2023-01-29T15:25:26.014526+00:00
[2023-01-29T15:40:52.165+0000] {ssh.py:133} INFO - Creating ssh_client
[2023-01-29T15:40:52.165+0000] {ssh.py:283} WARNING - No Host Key Verification. This won't protect against Man-In-The-Middle attacks
[2023-01-29T15:40:52.172+0000] {transport.py:1874} INFO - Connected (version 2.0, client OpenSSH_8.2p1)
[2023-01-29T15:40:52.238+0000] {transport.py:1874} INFO - Authentication (password) successful!
[2023-01-29T15:40:52.238+0000] {ssh.py:460} INFO - Running command: /opt/hadoop/bin/hdfs dfs -copyFromLocal -f /home/phukaioh/Documents/intro-data-science/crawler/data/tienphong.json /data/tienphong-29-01-2023.json 
[2023-01-29T15:40:53.999+0000] {taskinstance.py:1323} INFO - Marking task as SUCCESS. dag_id=crawl_tienphong, task_id=save-to-hdfs, execution_date=20230129T152526, start_date=20230129T154051, end_date=20230129T154053
[2023-01-29T15:40:54.038+0000] {local_task_job.py:208} INFO - Task exited with return code 0
[2023-01-29T15:40:54.061+0000] {taskinstance.py:2578} INFO - 0 downstream tasks scheduled from follow-on schedule check
