[2023-01-28T08:28:02.729+0000] {taskinstance.py:1083} INFO - Dependencies all met for <TaskInstance: hello_world_dag.hello_world_task scheduled__2023-01-28T08:27:00+00:00 [queued]>
[2023-01-28T08:28:02.741+0000] {taskinstance.py:1083} INFO - Dependencies all met for <TaskInstance: hello_world_dag.hello_world_task scheduled__2023-01-28T08:27:00+00:00 [queued]>
[2023-01-28T08:28:02.742+0000] {taskinstance.py:1279} INFO - 
--------------------------------------------------------------------------------
[2023-01-28T08:28:02.742+0000] {taskinstance.py:1280} INFO - Starting attempt 1 of 4
[2023-01-28T08:28:02.742+0000] {taskinstance.py:1281} INFO - 
--------------------------------------------------------------------------------
[2023-01-28T08:28:02.764+0000] {taskinstance.py:1300} INFO - Executing <Task(PythonOperator): hello_world_task> on 2023-01-28 08:27:00+00:00
[2023-01-28T08:28:02.769+0000] {standard_task_runner.py:55} INFO - Started process 27827 to run task
[2023-01-28T08:28:02.771+0000] {standard_task_runner.py:82} INFO - Running: ['***', 'tasks', 'run', 'hello_world_dag', 'hello_world_task', 'scheduled__2023-01-28T08:27:00+00:00', '--job-id', '949', '--raw', '--subdir', 'DAGS_FOLDER/hello_world_dag.py', '--cfg-path', '/tmp/tmp7__de4xs']
[2023-01-28T08:28:02.772+0000] {standard_task_runner.py:83} INFO - Job 949: Subtask hello_world_task
[2023-01-28T08:28:02.844+0000] {task_command.py:388} INFO - Running <TaskInstance: hello_world_dag.hello_world_task scheduled__2023-01-28T08:27:00+00:00 [running]> on host 9be4ecca8506
[2023-01-28T08:28:02.955+0000] {taskinstance.py:1509} INFO - Exporting the following env vars:
AIRFLOW_CTX_DAG_OWNER=Ranga
AIRFLOW_CTX_DAG_ID=hello_world_dag
AIRFLOW_CTX_TASK_ID=hello_world_task
AIRFLOW_CTX_EXECUTION_DATE=2023-01-28T08:27:00+00:00
AIRFLOW_CTX_TRY_NUMBER=1
AIRFLOW_CTX_DAG_RUN_ID=scheduled__2023-01-28T08:27:00+00:00
[2023-01-28T08:28:02.956+0000] {logging_mixin.py:137} INFO - Hello World!
[2023-01-28T08:28:02.956+0000] {python.py:177} INFO - Done. Returned value was: None
[2023-01-28T08:28:02.969+0000] {taskinstance.py:1323} INFO - Marking task as SUCCESS. dag_id=hello_world_dag, task_id=hello_world_task, execution_date=20230128T082700, start_date=20230128T082802, end_date=20230128T082802
[2023-01-28T08:28:03.023+0000] {local_task_job.py:208} INFO - Task exited with return code 0
[2023-01-28T08:28:03.055+0000] {taskinstance.py:2578} INFO - 1 downstream tasks scheduled from follow-on schedule check
