[2023-01-28T06:38:02.703+0000] {taskinstance.py:1083} INFO - Dependencies all met for <TaskInstance: hello_world_dag.hello_world_task scheduled__2023-01-28T06:37:00+00:00 [queued]>
[2023-01-28T06:38:02.717+0000] {taskinstance.py:1083} INFO - Dependencies all met for <TaskInstance: hello_world_dag.hello_world_task scheduled__2023-01-28T06:37:00+00:00 [queued]>
[2023-01-28T06:38:02.718+0000] {taskinstance.py:1279} INFO - 
--------------------------------------------------------------------------------
[2023-01-28T06:38:02.718+0000] {taskinstance.py:1280} INFO - Starting attempt 1 of 4
[2023-01-28T06:38:02.718+0000] {taskinstance.py:1281} INFO - 
--------------------------------------------------------------------------------
[2023-01-28T06:38:02.747+0000] {taskinstance.py:1300} INFO - Executing <Task(PythonOperator): hello_world_task> on 2023-01-28 06:37:00+00:00
[2023-01-28T06:38:02.752+0000] {standard_task_runner.py:55} INFO - Started process 19444 to run task
[2023-01-28T06:38:02.762+0000] {standard_task_runner.py:82} INFO - Running: ['***', 'tasks', 'run', 'hello_world_dag', 'hello_world_task', 'scheduled__2023-01-28T06:37:00+00:00', '--job-id', '837', '--raw', '--subdir', 'DAGS_FOLDER/hello_world_dag.py', '--cfg-path', '/tmp/tmpjq9rngge']
[2023-01-28T06:38:02.763+0000] {standard_task_runner.py:83} INFO - Job 837: Subtask hello_world_task
[2023-01-28T06:38:02.850+0000] {task_command.py:388} INFO - Running <TaskInstance: hello_world_dag.hello_world_task scheduled__2023-01-28T06:37:00+00:00 [running]> on host 9be4ecca8506
[2023-01-28T06:38:02.970+0000] {taskinstance.py:1509} INFO - Exporting the following env vars:
AIRFLOW_CTX_DAG_OWNER=Ranga
AIRFLOW_CTX_DAG_ID=hello_world_dag
AIRFLOW_CTX_TASK_ID=hello_world_task
AIRFLOW_CTX_EXECUTION_DATE=2023-01-28T06:37:00+00:00
AIRFLOW_CTX_TRY_NUMBER=1
AIRFLOW_CTX_DAG_RUN_ID=scheduled__2023-01-28T06:37:00+00:00
[2023-01-28T06:38:02.971+0000] {logging_mixin.py:137} INFO - Hello World!
[2023-01-28T06:38:02.972+0000] {python.py:177} INFO - Done. Returned value was: None
[2023-01-28T06:38:02.984+0000] {taskinstance.py:1323} INFO - Marking task as SUCCESS. dag_id=hello_world_dag, task_id=hello_world_task, execution_date=20230128T063700, start_date=20230128T063802, end_date=20230128T063802
[2023-01-28T06:38:03.007+0000] {local_task_job.py:208} INFO - Task exited with return code 0
[2023-01-28T06:38:03.036+0000] {taskinstance.py:2578} INFO - 1 downstream tasks scheduled from follow-on schedule check
