[2023-02-01T07:07:02.394+0000] {taskinstance.py:1083} INFO - Dependencies all met for <TaskInstance: hello_world_dag.hello_world_task scheduled__2023-02-01T07:06:00+00:00 [queued]>
[2023-02-01T07:07:02.416+0000] {taskinstance.py:1083} INFO - Dependencies all met for <TaskInstance: hello_world_dag.hello_world_task scheduled__2023-02-01T07:06:00+00:00 [queued]>
[2023-02-01T07:07:02.416+0000] {taskinstance.py:1279} INFO - 
--------------------------------------------------------------------------------
[2023-02-01T07:07:02.416+0000] {taskinstance.py:1280} INFO - Starting attempt 1 of 4
[2023-02-01T07:07:02.416+0000] {taskinstance.py:1281} INFO - 
--------------------------------------------------------------------------------
[2023-02-01T07:07:02.447+0000] {taskinstance.py:1300} INFO - Executing <Task(PythonOperator): hello_world_task> on 2023-02-01 07:06:00+00:00
[2023-02-01T07:07:02.452+0000] {standard_task_runner.py:55} INFO - Started process 4189 to run task
[2023-02-01T07:07:02.458+0000] {standard_task_runner.py:82} INFO - Running: ['***', 'tasks', 'run', 'hello_world_dag', 'hello_world_task', 'scheduled__2023-02-01T07:06:00+00:00', '--job-id', '2418', '--raw', '--subdir', 'DAGS_FOLDER/hello_world_dag.py', '--cfg-path', '/tmp/tmp9d0uibdy']
[2023-02-01T07:07:02.459+0000] {standard_task_runner.py:83} INFO - Job 2418: Subtask hello_world_task
[2023-02-01T07:07:02.592+0000] {task_command.py:388} INFO - Running <TaskInstance: hello_world_dag.hello_world_task scheduled__2023-02-01T07:06:00+00:00 [running]> on host 9be4ecca8506
[2023-02-01T07:07:02.670+0000] {taskinstance.py:1509} INFO - Exporting the following env vars:
AIRFLOW_CTX_DAG_OWNER=Ranga
AIRFLOW_CTX_DAG_ID=hello_world_dag
AIRFLOW_CTX_TASK_ID=hello_world_task
AIRFLOW_CTX_EXECUTION_DATE=2023-02-01T07:06:00+00:00
AIRFLOW_CTX_TRY_NUMBER=1
AIRFLOW_CTX_DAG_RUN_ID=scheduled__2023-02-01T07:06:00+00:00
[2023-02-01T07:07:02.670+0000] {logging_mixin.py:137} INFO - Hello World!
[2023-02-01T07:07:02.670+0000] {python.py:177} INFO - Done. Returned value was: None
[2023-02-01T07:07:02.678+0000] {taskinstance.py:1323} INFO - Marking task as SUCCESS. dag_id=hello_world_dag, task_id=hello_world_task, execution_date=20230201T070600, start_date=20230201T070702, end_date=20230201T070702
[2023-02-01T07:07:02.734+0000] {local_task_job.py:208} INFO - Task exited with return code 0
[2023-02-01T07:07:02.772+0000] {taskinstance.py:2578} INFO - 1 downstream tasks scheduled from follow-on schedule check
