[2023-01-27T14:10:04.341+0000] {taskinstance.py:1083} INFO - Dependencies all met for <TaskInstance: crawl_tienphong.crawler scheduled__2023-01-27T13:05:00+00:00 [queued]>
[2023-01-27T14:10:04.357+0000] {taskinstance.py:1083} INFO - Dependencies all met for <TaskInstance: crawl_tienphong.crawler scheduled__2023-01-27T13:05:00+00:00 [queued]>
[2023-01-27T14:10:04.357+0000] {taskinstance.py:1279} INFO - 
--------------------------------------------------------------------------------
[2023-01-27T14:10:04.357+0000] {taskinstance.py:1280} INFO - Starting attempt 2 of 4
[2023-01-27T14:10:04.357+0000] {taskinstance.py:1281} INFO - 
--------------------------------------------------------------------------------
[2023-01-27T14:10:04.403+0000] {taskinstance.py:1300} INFO - Executing <Task(BashOperator): crawler> on 2023-01-27 13:05:00+00:00
[2023-01-27T14:10:04.409+0000] {standard_task_runner.py:55} INFO - Started process 1341 to run task
[2023-01-27T14:10:04.412+0000] {standard_task_runner.py:82} INFO - Running: ['***', 'tasks', 'run', 'crawl_tienphong', 'crawler', 'scheduled__2023-01-27T13:05:00+00:00', '--job-id', '382', '--raw', '--subdir', 'DAGS_FOLDER/crawl_tienphong.py', '--cfg-path', '/tmp/tmprtqgp0jj']
[2023-01-27T14:10:04.412+0000] {standard_task_runner.py:83} INFO - Job 382: Subtask crawler
[2023-01-27T14:10:04.488+0000] {task_command.py:388} INFO - Running <TaskInstance: crawl_tienphong.crawler scheduled__2023-01-27T13:05:00+00:00 [running]> on host 9be4ecca8506
[2023-01-27T14:10:04.653+0000] {taskinstance.py:1509} INFO - Exporting the following env vars:
AIRFLOW_CTX_DAG_OWNER=phukaioh
AIRFLOW_CTX_DAG_ID=crawl_tienphong
AIRFLOW_CTX_TASK_ID=crawler
AIRFLOW_CTX_EXECUTION_DATE=2023-01-27T13:05:00+00:00
AIRFLOW_CTX_TRY_NUMBER=2
AIRFLOW_CTX_DAG_RUN_ID=scheduled__2023-01-27T13:05:00+00:00
[2023-01-27T14:10:04.654+0000] {subprocess.py:63} INFO - Tmp dir root location: 
 /tmp
[2023-01-27T14:10:04.655+0000] {subprocess.py:75} INFO - Running command: ['/bin/bash', '-c', 'cd /opt/project/ && ls -la && scrapy runspider crawler/spiders/tienphong.py -o data/tienphong.json ']
[2023-01-27T14:10:04.667+0000] {subprocess.py:86} INFO - Output:
[2023-01-27T14:10:04.671+0000] {subprocess.py:93} INFO - total 36
[2023-01-27T14:10:04.671+0000] {subprocess.py:93} INFO - drwxrwxr-x 5 default 1001 4096 Jan 27 13:16 .
[2023-01-27T14:10:04.671+0000] {subprocess.py:93} INFO - drwxr-xr-x 1 root    root 4096 Jan 27 13:53 ..
[2023-01-27T14:10:04.671+0000] {subprocess.py:93} INFO - drwxrwxr-x 4 default 1001 4096 Jan 26 03:12 crawler
[2023-01-27T14:10:04.671+0000] {subprocess.py:93} INFO - drwxrwxr-x 2 default 1001 4096 Jan 27 13:29 data
[2023-01-27T14:10:04.672+0000] {subprocess.py:93} INFO - -rw-rw-r-- 1 default 1001   69 Jan 27 13:13 run_crawl_tienphong.sh
[2023-01-27T14:10:04.672+0000] {subprocess.py:93} INFO - -rw-rw-r-- 1 default 1001  257 Jan 26 03:08 scrapy.cfg
[2023-01-27T14:10:04.672+0000] {subprocess.py:93} INFO - drwxrwxr-x 2 default 1001 4096 Jan 27 13:29 source
[2023-01-27T14:10:04.672+0000] {subprocess.py:93} INFO - -rw-rw-r-- 1 default 1001    6 Jan 27 13:16 test.sh
[2023-01-27T14:10:04.672+0000] {subprocess.py:93} INFO - /bin/bash: line 1: scrapy: command not found
[2023-01-27T14:10:04.672+0000] {subprocess.py:97} INFO - Command exited with return code 127
[2023-01-27T14:10:04.687+0000] {taskinstance.py:1768} ERROR - Task failed with exception
Traceback (most recent call last):
  File "/home/airflow/.local/lib/python3.7/site-packages/airflow/operators/bash.py", line 197, in execute
    f"Bash command failed. The command returned a non-zero exit code {result.exit_code}."
airflow.exceptions.AirflowException: Bash command failed. The command returned a non-zero exit code 127.
[2023-01-27T14:10:04.692+0000] {taskinstance.py:1323} INFO - Marking task as UP_FOR_RETRY. dag_id=crawl_tienphong, task_id=crawler, execution_date=20230127T130500, start_date=20230127T141004, end_date=20230127T141004
[2023-01-27T14:10:04.731+0000] {standard_task_runner.py:105} ERROR - Failed to execute job 382 for task crawler (Bash command failed. The command returned a non-zero exit code 127.; 1341)
[2023-01-27T14:10:04.747+0000] {local_task_job.py:208} INFO - Task exited with return code 1
[2023-01-27T14:10:04.780+0000] {taskinstance.py:2578} INFO - 0 downstream tasks scheduled from follow-on schedule check
