[2023-01-28T15:45:02.517+0000] {taskinstance.py:1083} INFO - Dependencies all met for <TaskInstance: hello_world_dag.hello_world_task scheduled__2023-01-28T15:44:00+00:00 [queued]>
[2023-01-28T15:45:02.530+0000] {taskinstance.py:1083} INFO - Dependencies all met for <TaskInstance: hello_world_dag.hello_world_task scheduled__2023-01-28T15:44:00+00:00 [queued]>
[2023-01-28T15:45:02.531+0000] {taskinstance.py:1279} INFO - 
--------------------------------------------------------------------------------
[2023-01-28T15:45:02.531+0000] {taskinstance.py:1280} INFO - Starting attempt 1 of 4
[2023-01-28T15:45:02.531+0000] {taskinstance.py:1281} INFO - 
--------------------------------------------------------------------------------
[2023-01-28T15:45:02.556+0000] {taskinstance.py:1300} INFO - Executing <Task(PythonOperator): hello_world_task> on 2023-01-28 15:44:00+00:00
[2023-01-28T15:45:02.560+0000] {standard_task_runner.py:55} INFO - Started process 11782 to run task
[2023-01-28T15:45:02.563+0000] {standard_task_runner.py:82} INFO - Running: ['***', 'tasks', 'run', 'hello_world_dag', 'hello_world_task', 'scheduled__2023-01-28T15:44:00+00:00', '--job-id', '1133', '--raw', '--subdir', 'DAGS_FOLDER/hello_world_dag.py', '--cfg-path', '/tmp/tmp99sb07kt']
[2023-01-28T15:45:02.563+0000] {standard_task_runner.py:83} INFO - Job 1133: Subtask hello_world_task
[2023-01-28T15:45:02.630+0000] {task_command.py:388} INFO - Running <TaskInstance: hello_world_dag.hello_world_task scheduled__2023-01-28T15:44:00+00:00 [running]> on host 9be4ecca8506
[2023-01-28T15:45:02.716+0000] {taskinstance.py:1509} INFO - Exporting the following env vars:
AIRFLOW_CTX_DAG_OWNER=Ranga
AIRFLOW_CTX_DAG_ID=hello_world_dag
AIRFLOW_CTX_TASK_ID=hello_world_task
AIRFLOW_CTX_EXECUTION_DATE=2023-01-28T15:44:00+00:00
AIRFLOW_CTX_TRY_NUMBER=1
AIRFLOW_CTX_DAG_RUN_ID=scheduled__2023-01-28T15:44:00+00:00
[2023-01-28T15:45:02.717+0000] {logging_mixin.py:137} INFO - Hello World!
[2023-01-28T15:45:02.717+0000] {python.py:177} INFO - Done. Returned value was: None
[2023-01-28T15:45:02.727+0000] {taskinstance.py:1323} INFO - Marking task as SUCCESS. dag_id=hello_world_dag, task_id=hello_world_task, execution_date=20230128T154400, start_date=20230128T154502, end_date=20230128T154502
[2023-01-28T15:45:02.774+0000] {local_task_job.py:208} INFO - Task exited with return code 0
[2023-01-28T15:45:02.804+0000] {taskinstance.py:2578} INFO - 1 downstream tasks scheduled from follow-on schedule check
