[2023-01-30T13:50:59.269+0000] {taskinstance.py:1083} INFO - Dependencies all met for <TaskInstance: hello_world_dag.hello_world_task scheduled__2023-01-30T13:42:00+00:00 [queued]>
[2023-01-30T13:50:59.334+0000] {taskinstance.py:1083} INFO - Dependencies all met for <TaskInstance: hello_world_dag.hello_world_task scheduled__2023-01-30T13:42:00+00:00 [queued]>
[2023-01-30T13:50:59.334+0000] {taskinstance.py:1279} INFO - 
--------------------------------------------------------------------------------
[2023-01-30T13:50:59.334+0000] {taskinstance.py:1280} INFO - Starting attempt 1 of 4
[2023-01-30T13:50:59.334+0000] {taskinstance.py:1281} INFO - 
--------------------------------------------------------------------------------
[2023-01-30T13:50:59.429+0000] {taskinstance.py:1300} INFO - Executing <Task(PythonOperator): hello_world_task> on 2023-01-30 13:42:00+00:00
[2023-01-30T13:50:59.455+0000] {standard_task_runner.py:55} INFO - Started process 86 to run task
[2023-01-30T13:50:59.466+0000] {standard_task_runner.py:82} INFO - Running: ['***', 'tasks', 'run', 'hello_world_dag', 'hello_world_task', 'scheduled__2023-01-30T13:42:00+00:00', '--job-id', '1690', '--raw', '--subdir', 'DAGS_FOLDER/hello_world_dag.py', '--cfg-path', '/tmp/tmp1i55_tiu']
[2023-01-30T13:50:59.467+0000] {standard_task_runner.py:83} INFO - Job 1690: Subtask hello_world_task
[2023-01-30T13:50:59.808+0000] {task_command.py:388} INFO - Running <TaskInstance: hello_world_dag.hello_world_task scheduled__2023-01-30T13:42:00+00:00 [running]> on host 9be4ecca8506
[2023-01-30T13:51:00.307+0000] {taskinstance.py:1509} INFO - Exporting the following env vars:
AIRFLOW_CTX_DAG_OWNER=Ranga
AIRFLOW_CTX_DAG_ID=hello_world_dag
AIRFLOW_CTX_TASK_ID=hello_world_task
AIRFLOW_CTX_EXECUTION_DATE=2023-01-30T13:42:00+00:00
AIRFLOW_CTX_TRY_NUMBER=1
AIRFLOW_CTX_DAG_RUN_ID=scheduled__2023-01-30T13:42:00+00:00
[2023-01-30T13:51:00.308+0000] {logging_mixin.py:137} INFO - Hello World!
[2023-01-30T13:51:00.308+0000] {python.py:177} INFO - Done. Returned value was: None
[2023-01-30T13:51:00.352+0000] {taskinstance.py:1323} INFO - Marking task as SUCCESS. dag_id=hello_world_dag, task_id=hello_world_task, execution_date=20230130T134200, start_date=20230130T135059, end_date=20230130T135100
[2023-01-30T13:51:00.452+0000] {local_task_job.py:208} INFO - Task exited with return code 0
[2023-01-30T13:51:00.694+0000] {taskinstance.py:2578} INFO - 1 downstream tasks scheduled from follow-on schedule check
