[2023-01-29T15:32:02.317+0000] {taskinstance.py:1083} INFO - Dependencies all met for <TaskInstance: crawl_tienphong.crawler manual__2023-01-29T15:32:00.921839+00:00 [queued]>
[2023-01-29T15:32:02.329+0000] {taskinstance.py:1083} INFO - Dependencies all met for <TaskInstance: crawl_tienphong.crawler manual__2023-01-29T15:32:00.921839+00:00 [queued]>
[2023-01-29T15:32:02.329+0000] {taskinstance.py:1279} INFO - 
--------------------------------------------------------------------------------
[2023-01-29T15:32:02.329+0000] {taskinstance.py:1280} INFO - Starting attempt 1 of 4
[2023-01-29T15:32:02.330+0000] {taskinstance.py:1281} INFO - 
--------------------------------------------------------------------------------
[2023-01-29T15:32:02.348+0000] {taskinstance.py:1300} INFO - Executing <Task(BashOperator): crawler> on 2023-01-29 15:32:00.921839+00:00
[2023-01-29T15:32:02.352+0000] {standard_task_runner.py:55} INFO - Started process 11470 to run task
[2023-01-29T15:32:02.354+0000] {standard_task_runner.py:82} INFO - Running: ['***', 'tasks', 'run', 'crawl_tienphong', 'crawler', 'manual__2023-01-29T15:32:00.921839+00:00', '--job-id', '1418', '--raw', '--subdir', 'DAGS_FOLDER/crawl_tienphong.py', '--cfg-path', '/tmp/tmp_pphf5uw']
[2023-01-29T15:32:02.355+0000] {standard_task_runner.py:83} INFO - Job 1418: Subtask crawler
[2023-01-29T15:32:02.418+0000] {task_command.py:388} INFO - Running <TaskInstance: crawl_tienphong.crawler manual__2023-01-29T15:32:00.921839+00:00 [running]> on host 9be4ecca8506
[2023-01-29T15:32:02.510+0000] {taskinstance.py:1509} INFO - Exporting the following env vars:
AIRFLOW_CTX_DAG_OWNER=phukaioh
AIRFLOW_CTX_DAG_ID=crawl_tienphong
AIRFLOW_CTX_TASK_ID=crawler
AIRFLOW_CTX_EXECUTION_DATE=2023-01-29T15:32:00.921839+00:00
AIRFLOW_CTX_TRY_NUMBER=1
AIRFLOW_CTX_DAG_RUN_ID=manual__2023-01-29T15:32:00.921839+00:00
[2023-01-29T15:32:02.512+0000] {subprocess.py:63} INFO - Tmp dir root location: 
 /tmp
[2023-01-29T15:32:02.512+0000] {subprocess.py:75} INFO - Running command: ['/bin/bash', '-c', 'cd /opt/project/ && ls -la && pip install scrapy && bash run_crawl_tienphong.sh ']
[2023-01-29T15:32:02.527+0000] {subprocess.py:86} INFO - Output:
[2023-01-29T15:32:02.531+0000] {subprocess.py:93} INFO - total 40
[2023-01-29T15:32:02.532+0000] {subprocess.py:93} INFO - drwxrwxr-x 5 default 1001 4096 Jan 29 14:37 .
[2023-01-29T15:32:02.532+0000] {subprocess.py:93} INFO - drwxr-xr-x 1 root    root 4096 Jan 27 13:53 ..
[2023-01-29T15:32:02.532+0000] {subprocess.py:93} INFO - drwxrwxr-x 4 default 1001 4096 Jan 26 03:12 crawler
[2023-01-29T15:32:02.532+0000] {subprocess.py:93} INFO - drwxrwxr-x 2 default 1001 4096 Jan 29 14:52 data
[2023-01-29T15:32:02.532+0000] {subprocess.py:93} INFO - -rw-rw-r-- 1 default 1001   99 Jan 29 14:54 run_crawl_tienphong.sh
[2023-01-29T15:32:02.533+0000] {subprocess.py:93} INFO - -rw-rw-r-- 1 default 1001  257 Jan 26 03:08 scrapy.cfg
[2023-01-29T15:32:02.533+0000] {subprocess.py:93} INFO - drwxrwxr-x 2 default 1001 4096 Jan 27 13:29 source
[2023-01-29T15:32:02.533+0000] {subprocess.py:93} INFO - -rw-rw-r-- 1 default 1001  119 Jan 29 14:38 test.py
[2023-01-29T15:32:02.533+0000] {subprocess.py:93} INFO - -rw-rw-r-- 1 default 1001    6 Jan 27 13:16 test.sh
[2023-01-29T15:32:03.435+0000] {subprocess.py:93} INFO - Defaulting to user installation because normal site-packages is not writeable
[2023-01-29T15:32:03.703+0000] {subprocess.py:93} INFO - Requirement already satisfied: scrapy in /home/***/.local/lib/python3.7/site-packages (2.7.1)
[2023-01-29T15:32:03.730+0000] {subprocess.py:93} INFO - Requirement already satisfied: PyDispatcher>=2.0.5 in /home/***/.local/lib/python3.7/site-packages (from scrapy) (2.0.6)
[2023-01-29T15:32:03.731+0000] {subprocess.py:93} INFO - Requirement already satisfied: cssselect>=0.9.1 in /home/***/.local/lib/python3.7/site-packages (from scrapy) (1.2.0)
[2023-01-29T15:32:03.732+0000] {subprocess.py:93} INFO - Requirement already satisfied: pyOpenSSL>=21.0.0 in /home/***/.local/lib/python3.7/site-packages (from scrapy) (22.1.0)
[2023-01-29T15:32:03.733+0000] {subprocess.py:93} INFO - Requirement already satisfied: itemloaders>=1.0.1 in /home/***/.local/lib/python3.7/site-packages (from scrapy) (1.0.6)
[2023-01-29T15:32:03.734+0000] {subprocess.py:93} INFO - Requirement already satisfied: cryptography>=3.3 in /home/***/.local/lib/python3.7/site-packages (from scrapy) (38.0.4)
[2023-01-29T15:32:03.734+0000] {subprocess.py:93} INFO - Requirement already satisfied: Twisted>=18.9.0 in /home/***/.local/lib/python3.7/site-packages (from scrapy) (22.10.0)
[2023-01-29T15:32:03.736+0000] {subprocess.py:93} INFO - Requirement already satisfied: protego>=0.1.15 in /home/***/.local/lib/python3.7/site-packages (from scrapy) (0.2.1)
[2023-01-29T15:32:03.736+0000] {subprocess.py:93} INFO - Requirement already satisfied: setuptools in /usr/local/lib/python3.7/site-packages (from scrapy) (57.5.0)
[2023-01-29T15:32:03.736+0000] {subprocess.py:93} INFO - Requirement already satisfied: tldextract in /home/***/.local/lib/python3.7/site-packages (from scrapy) (3.4.0)
[2023-01-29T15:32:03.737+0000] {subprocess.py:93} INFO - Requirement already satisfied: lxml>=4.3.0 in /home/***/.local/lib/python3.7/site-packages (from scrapy) (4.9.2)
[2023-01-29T15:32:03.738+0000] {subprocess.py:93} INFO - Requirement already satisfied: queuelib>=1.4.2 in /home/***/.local/lib/python3.7/site-packages (from scrapy) (1.6.2)
[2023-01-29T15:32:03.739+0000] {subprocess.py:93} INFO - Requirement already satisfied: service-identity>=18.1.0 in /home/***/.local/lib/python3.7/site-packages (from scrapy) (21.1.0)
[2023-01-29T15:32:03.741+0000] {subprocess.py:93} INFO - Requirement already satisfied: w3lib>=1.17.0 in /home/***/.local/lib/python3.7/site-packages (from scrapy) (2.1.1)
[2023-01-29T15:32:03.742+0000] {subprocess.py:93} INFO - Requirement already satisfied: zope.interface>=5.1.0 in /home/***/.local/lib/python3.7/site-packages (from scrapy) (5.5.2)
[2023-01-29T15:32:03.743+0000] {subprocess.py:93} INFO - Requirement already satisfied: packaging in /home/***/.local/lib/python3.7/site-packages (from scrapy) (21.3)
[2023-01-29T15:32:03.744+0000] {subprocess.py:93} INFO - Requirement already satisfied: itemadapter>=0.1.0 in /home/***/.local/lib/python3.7/site-packages (from scrapy) (0.7.0)
[2023-01-29T15:32:03.745+0000] {subprocess.py:93} INFO - Requirement already satisfied: parsel>=1.5.0 in /home/***/.local/lib/python3.7/site-packages (from scrapy) (1.7.0)
[2023-01-29T15:32:03.776+0000] {subprocess.py:93} INFO - Requirement already satisfied: cffi>=1.12 in /home/***/.local/lib/python3.7/site-packages (from cryptography>=3.3->scrapy) (1.15.1)
[2023-01-29T15:32:03.784+0000] {subprocess.py:93} INFO - Requirement already satisfied: jmespath>=0.9.5 in /home/***/.local/lib/python3.7/site-packages (from itemloaders>=1.0.1->scrapy) (0.10.0)
[2023-01-29T15:32:03.797+0000] {subprocess.py:93} INFO - Requirement already satisfied: six in /home/***/.local/lib/python3.7/site-packages (from protego>=0.1.15->scrapy) (1.16.0)
[2023-01-29T15:32:03.826+0000] {subprocess.py:93} INFO - Requirement already satisfied: pyasn1 in /home/***/.local/lib/python3.7/site-packages (from service-identity>=18.1.0->scrapy) (0.4.8)
[2023-01-29T15:32:03.827+0000] {subprocess.py:93} INFO - Requirement already satisfied: pyasn1-modules in /home/***/.local/lib/python3.7/site-packages (from service-identity>=18.1.0->scrapy) (0.2.8)
[2023-01-29T15:32:03.828+0000] {subprocess.py:93} INFO - Requirement already satisfied: attrs>=19.1.0 in /home/***/.local/lib/python3.7/site-packages (from service-identity>=18.1.0->scrapy) (22.2.0)
[2023-01-29T15:32:04.025+0000] {subprocess.py:93} INFO - Requirement already satisfied: constantly>=15.1 in /home/***/.local/lib/python3.7/site-packages (from Twisted>=18.9.0->scrapy) (15.1.0)
[2023-01-29T15:32:04.026+0000] {subprocess.py:93} INFO - Requirement already satisfied: hyperlink>=17.1.1 in /home/***/.local/lib/python3.7/site-packages (from Twisted>=18.9.0->scrapy) (21.0.0)
[2023-01-29T15:32:04.027+0000] {subprocess.py:93} INFO - Requirement already satisfied: Automat>=0.8.0 in /home/***/.local/lib/python3.7/site-packages (from Twisted>=18.9.0->scrapy) (22.10.0)
[2023-01-29T15:32:04.028+0000] {subprocess.py:93} INFO - Requirement already satisfied: typing-extensions>=3.6.5 in /home/***/.local/lib/python3.7/site-packages (from Twisted>=18.9.0->scrapy) (4.4.0)
[2023-01-29T15:32:04.028+0000] {subprocess.py:93} INFO - Requirement already satisfied: incremental>=21.3.0 in /home/***/.local/lib/python3.7/site-packages (from Twisted>=18.9.0->scrapy) (22.10.0)
[2023-01-29T15:32:04.044+0000] {subprocess.py:93} INFO - Requirement already satisfied: pyparsing!=3.0.5,>=2.0.2 in /home/***/.local/lib/python3.7/site-packages (from packaging->scrapy) (3.0.9)
[2023-01-29T15:32:04.064+0000] {subprocess.py:93} INFO - Requirement already satisfied: requests-file>=1.4 in /home/***/.local/lib/python3.7/site-packages (from tldextract->scrapy) (1.5.1)
[2023-01-29T15:32:04.065+0000] {subprocess.py:93} INFO - Requirement already satisfied: requests>=2.1.0 in /home/***/.local/lib/python3.7/site-packages (from tldextract->scrapy) (2.28.2)
[2023-01-29T15:32:04.065+0000] {subprocess.py:93} INFO - Requirement already satisfied: idna in /home/***/.local/lib/python3.7/site-packages (from tldextract->scrapy) (3.4)
[2023-01-29T15:32:04.066+0000] {subprocess.py:93} INFO - Requirement already satisfied: filelock>=3.0.8 in /home/***/.local/lib/python3.7/site-packages (from tldextract->scrapy) (3.9.0)
[2023-01-29T15:32:04.113+0000] {subprocess.py:93} INFO - Requirement already satisfied: pycparser in /home/***/.local/lib/python3.7/site-packages (from cffi>=1.12->cryptography>=3.3->scrapy) (2.21)
[2023-01-29T15:32:04.151+0000] {subprocess.py:93} INFO - Requirement already satisfied: urllib3<1.27,>=1.21.1 in /home/***/.local/lib/python3.7/site-packages (from requests>=2.1.0->tldextract->scrapy) (1.26.14)
[2023-01-29T15:32:04.152+0000] {subprocess.py:93} INFO - Requirement already satisfied: certifi>=2017.4.17 in /home/***/.local/lib/python3.7/site-packages (from requests>=2.1.0->tldextract->scrapy) (2022.12.7)
[2023-01-29T15:32:04.153+0000] {subprocess.py:93} INFO - Requirement already satisfied: charset-normalizer<4,>=2 in /home/***/.local/lib/python3.7/site-packages (from requests>=2.1.0->tldextract->scrapy) (2.1.1)
[2023-01-29T15:32:11.173+0000] {subprocess.py:93} INFO - 2023-01-29 15:32:11 [scrapy.utils.log] INFO: Scrapy 2.7.1 started (bot: crawler)
[2023-01-29T15:32:11.179+0000] {subprocess.py:93} INFO - 2023-01-29 15:32:11 [scrapy.utils.log] INFO: Versions: lxml 4.9.2.0, libxml2 2.9.14, cssselect 1.2.0, parsel 1.7.0, w3lib 2.1.1, Twisted 22.10.0, Python 3.7.16 (default, Jan 18 2023, 03:29:28) - [GCC 10.2.1 20210110], pyOpenSSL 22.1.0 (OpenSSL 3.0.7 1 Nov 2022), cryptography 38.0.4, Platform Linux-5.15.0-58-generic-x86_64-with-debian-11.6
[2023-01-29T15:32:11.184+0000] {subprocess.py:93} INFO - 2023-01-29 15:32:11 [scrapy.crawler] INFO: Overridden settings:
[2023-01-29T15:32:11.185+0000] {subprocess.py:93} INFO - {'BOT_NAME': 'crawler',
[2023-01-29T15:32:11.185+0000] {subprocess.py:93} INFO -  'FEED_EXPORT_ENCODING': 'utf-8',
[2023-01-29T15:32:11.185+0000] {subprocess.py:93} INFO -  'NEWSPIDER_MODULE': 'crawler.spiders',
[2023-01-29T15:32:11.185+0000] {subprocess.py:93} INFO -  'ROBOTSTXT_OBEY': True,
[2023-01-29T15:32:11.185+0000] {subprocess.py:93} INFO -  'SPIDER_LOADER_WARN_ONLY': True,
[2023-01-29T15:32:11.185+0000] {subprocess.py:93} INFO -  'SPIDER_MODULES': ['crawler.spiders']}
[2023-01-29T15:32:11.186+0000] {subprocess.py:93} INFO - 2023-01-29 15:32:11 [py.warnings] WARNING: /home/***/.local/lib/python3.7/site-packages/scrapy/utils/request.py:231: ScrapyDeprecationWarning: '2.6' is a deprecated value for the 'REQUEST_FINGERPRINTER_IMPLEMENTATION' setting.
[2023-01-29T15:32:11.186+0000] {subprocess.py:93} INFO - 
[2023-01-29T15:32:11.186+0000] {subprocess.py:93} INFO - It is also the default value. In other words, it is normal to get this warning if you have not defined a value for the 'REQUEST_FINGERPRINTER_IMPLEMENTATION' setting. This is so for backward compatibility reasons, but it will change in a future version of Scrapy.
[2023-01-29T15:32:11.187+0000] {subprocess.py:93} INFO - 
[2023-01-29T15:32:11.187+0000] {subprocess.py:93} INFO - See the documentation of the 'REQUEST_FINGERPRINTER_IMPLEMENTATION' setting for information on how to handle this deprecation.
[2023-01-29T15:32:11.187+0000] {subprocess.py:93} INFO -   return cls(crawler)
[2023-01-29T15:32:11.187+0000] {subprocess.py:93} INFO - 
[2023-01-29T15:32:11.188+0000] {subprocess.py:93} INFO - 2023-01-29 15:32:11 [scrapy.utils.log] DEBUG: Using reactor: twisted.internet.epollreactor.EPollReactor
[2023-01-29T15:32:11.203+0000] {subprocess.py:93} INFO - 2023-01-29 15:32:11 [scrapy.extensions.telnet] INFO: Telnet Password: 89f131c845228df7
[2023-01-29T15:32:11.246+0000] {subprocess.py:93} INFO - 2023-01-29 15:32:11 [scrapy.middleware] INFO: Enabled extensions:
[2023-01-29T15:32:11.247+0000] {subprocess.py:93} INFO - ['scrapy.extensions.corestats.CoreStats',
[2023-01-29T15:32:11.247+0000] {subprocess.py:93} INFO -  'scrapy.extensions.telnet.TelnetConsole',
[2023-01-29T15:32:11.247+0000] {subprocess.py:93} INFO -  'scrapy.extensions.memusage.MemoryUsage',
[2023-01-29T15:32:11.247+0000] {subprocess.py:93} INFO -  'scrapy.extensions.feedexport.FeedExporter',
[2023-01-29T15:32:11.247+0000] {subprocess.py:93} INFO -  'scrapy.extensions.logstats.LogStats']
[2023-01-29T15:32:11.357+0000] {subprocess.py:93} INFO - 2023-01-29 15:32:11 [scrapy.middleware] INFO: Enabled downloader middlewares:
[2023-01-29T15:32:11.357+0000] {subprocess.py:93} INFO - ['scrapy.downloadermiddlewares.robotstxt.RobotsTxtMiddleware',
[2023-01-29T15:32:11.357+0000] {subprocess.py:93} INFO -  'scrapy.downloadermiddlewares.httpauth.HttpAuthMiddleware',
[2023-01-29T15:32:11.357+0000] {subprocess.py:93} INFO -  'scrapy.downloadermiddlewares.downloadtimeout.DownloadTimeoutMiddleware',
[2023-01-29T15:32:11.358+0000] {subprocess.py:93} INFO -  'scrapy.downloadermiddlewares.defaultheaders.DefaultHeadersMiddleware',
[2023-01-29T15:32:11.358+0000] {subprocess.py:93} INFO -  'scrapy.downloadermiddlewares.useragent.UserAgentMiddleware',
[2023-01-29T15:32:11.358+0000] {subprocess.py:93} INFO -  'scrapy.downloadermiddlewares.retry.RetryMiddleware',
[2023-01-29T15:32:11.358+0000] {subprocess.py:93} INFO -  'scrapy.downloadermiddlewares.redirect.MetaRefreshMiddleware',
[2023-01-29T15:32:11.358+0000] {subprocess.py:93} INFO -  'scrapy.downloadermiddlewares.httpcompression.HttpCompressionMiddleware',
[2023-01-29T15:32:11.358+0000] {subprocess.py:93} INFO -  'scrapy.downloadermiddlewares.redirect.RedirectMiddleware',
[2023-01-29T15:32:11.358+0000] {subprocess.py:93} INFO -  'scrapy.downloadermiddlewares.cookies.CookiesMiddleware',
[2023-01-29T15:32:11.359+0000] {subprocess.py:93} INFO -  'scrapy.downloadermiddlewares.httpproxy.HttpProxyMiddleware',
[2023-01-29T15:32:11.359+0000] {subprocess.py:93} INFO -  'scrapy.downloadermiddlewares.stats.DownloaderStats']
[2023-01-29T15:32:11.359+0000] {subprocess.py:93} INFO - 2023-01-29 15:32:11 [scrapy.middleware] INFO: Enabled spider middlewares:
[2023-01-29T15:32:11.359+0000] {subprocess.py:93} INFO - ['scrapy.spidermiddlewares.httperror.HttpErrorMiddleware',
[2023-01-29T15:32:11.360+0000] {subprocess.py:93} INFO -  'scrapy.spidermiddlewares.offsite.OffsiteMiddleware',
[2023-01-29T15:32:11.360+0000] {subprocess.py:93} INFO -  'scrapy.spidermiddlewares.referer.RefererMiddleware',
[2023-01-29T15:32:11.360+0000] {subprocess.py:93} INFO -  'scrapy.spidermiddlewares.urllength.UrlLengthMiddleware',
[2023-01-29T15:32:11.360+0000] {subprocess.py:93} INFO -  'scrapy.spidermiddlewares.depth.DepthMiddleware']
[2023-01-29T15:32:11.360+0000] {subprocess.py:93} INFO - 2023-01-29 15:32:11 [scrapy.middleware] INFO: Enabled item pipelines:
[2023-01-29T15:32:11.360+0000] {subprocess.py:93} INFO - []
[2023-01-29T15:32:11.360+0000] {subprocess.py:93} INFO - 2023-01-29 15:32:11 [scrapy.core.engine] INFO: Spider opened
[2023-01-29T15:32:11.455+0000] {subprocess.py:93} INFO - 2023-01-29 15:32:11 [scrapy.extensions.logstats] INFO: Crawled 0 pages (at 0 pages/min), scraped 0 items (at 0 items/min)
[2023-01-29T15:32:11.456+0000] {subprocess.py:93} INFO - 2023-01-29 15:32:11 [scrapy.extensions.telnet] INFO: Telnet console listening on 127.0.0.1:6023
[2023-01-29T15:32:11.504+0000] {subprocess.py:93} INFO - 2023-01-29 15:32:11 [scrapy.core.engine] DEBUG: Crawled (403) <GET https://tienphong.vn/robots.txt> (referer: None)
[2023-01-29T15:32:11.526+0000] {subprocess.py:93} INFO - 2023-01-29 15:32:11 [scrapy.core.engine] DEBUG: Crawled (403) <GET https://tienphong.vn/kinh-te/> (referer: None)
[2023-01-29T15:32:11.534+0000] {subprocess.py:93} INFO - 2023-01-29 15:32:11 [scrapy.core.engine] DEBUG: Crawled (403) <GET https://tienphong.vn/kinh-te-doanh-nghiep/> (referer: None)
[2023-01-29T15:32:11.546+0000] {subprocess.py:93} INFO - 2023-01-29 15:32:11 [scrapy.core.engine] DEBUG: Crawled (403) <GET https://tienphong.vn/kinh-te-doanh-nhan/> (referer: None)
[2023-01-29T15:32:11.550+0000] {subprocess.py:93} INFO - 2023-01-29 15:32:11 [scrapy.core.engine] DEBUG: Crawled (403) <GET https://tienphong.vn/xa-hoi-phong-su/> (referer: None)
[2023-01-29T15:32:11.553+0000] {subprocess.py:93} INFO - 2023-01-29 15:32:11 [scrapy.core.engine] DEBUG: Crawled (403) <GET https://tienphong.vn/xa-hoi-tin-tuc/> (referer: None)
[2023-01-29T15:32:11.556+0000] {subprocess.py:93} INFO - 2023-01-29 15:32:11 [scrapy.core.engine] DEBUG: Crawled (403) <GET https://tienphong.vn/xa-hoi/> (referer: None)
[2023-01-29T15:32:11.559+0000] {subprocess.py:93} INFO - 2023-01-29 15:32:11 [scrapy.core.engine] DEBUG: Crawled (403) <GET https://tienphong.vn/chinh-tri/> (referer: None)
[2023-01-29T15:32:11.562+0000] {subprocess.py:93} INFO - 2023-01-29 15:32:11 [scrapy.core.engine] DEBUG: Crawled (403) <GET https://tienphong.vn/kinh-te-thi-truong/> (referer: None)
[2023-01-29T15:32:11.564+0000] {subprocess.py:93} INFO - 2023-01-29 15:32:11 [scrapy.core.engine] DEBUG: Crawled (403) <GET https://tienphong.vn/world-cup/> (referer: None)
[2023-01-29T15:32:11.567+0000] {subprocess.py:93} INFO - 2023-01-29 15:32:11 [scrapy.core.engine] DEBUG: Crawled (403) <GET https://tienphong.vn/xa-hoi-chuyen-hom-nay/> (referer: None)
[2023-01-29T15:32:11.569+0000] {subprocess.py:93} INFO - 2023-01-29 15:32:11 [scrapy.core.engine] DEBUG: Crawled (403) <GET https://tienphong.vn/du-lich/> (referer: None)
[2023-01-29T15:32:11.570+0000] {subprocess.py:93} INFO - 2023-01-29 15:32:11 [scrapy.core.engine] DEBUG: Crawled (403) <GET https://tienphong.vn/giam-ngheo-ben-vung/> (referer: None)
[2023-01-29T15:32:11.573+0000] {subprocess.py:93} INFO - 2023-01-29 15:32:11 [scrapy.core.engine] DEBUG: Crawled (403) <GET https://tienphong.vn/dia-oc/> (referer: None)
[2023-01-29T15:32:11.575+0000] {subprocess.py:93} INFO - 2023-01-29 15:32:11 [scrapy.core.engine] DEBUG: Crawled (403) <GET https://tienphong.vn/do-thi/> (referer: None)
[2023-01-29T15:32:11.577+0000] {subprocess.py:93} INFO - 2023-01-29 15:32:11 [scrapy.core.engine] DEBUG: Crawled (403) <GET https://tienphong.vn/thi-truong/> (referer: None)
[2023-01-29T15:32:11.578+0000] {subprocess.py:93} INFO - 2023-01-29 15:32:11 [scrapy.core.engine] DEBUG: Crawled (403) <GET https://tienphong.vn/nha-dep/> (referer: None)
[2023-01-29T15:32:11.582+0000] {subprocess.py:93} INFO - 2023-01-29 15:32:11 [scrapy.core.engine] DEBUG: Crawled (403) <GET https://tienphong.vn/kinh-te-chung-khoan/> (referer: None)
[2023-01-29T15:32:11.586+0000] {subprocess.py:93} INFO - 2023-01-29 15:32:11 [scrapy.core.engine] DEBUG: Crawled (403) <GET https://tienphong.vn/tu-van-dia-oc/> (referer: None)
[2023-01-29T15:32:11.587+0000] {subprocess.py:93} INFO - 2023-01-29 15:32:11 [scrapy.core.engine] DEBUG: Crawled (403) <GET https://tienphong.vn/du-an/> (referer: None)
[2023-01-29T15:32:11.590+0000] {subprocess.py:93} INFO - 2023-01-29 15:32:11 [scrapy.core.engine] DEBUG: Crawled (403) <GET https://tienphong.vn/suc-khoe/> (referer: None)
[2023-01-29T15:32:11.592+0000] {subprocess.py:93} INFO - 2023-01-29 15:32:11 [scrapy.core.engine] DEBUG: Crawled (403) <GET https://tienphong.vn/bac-si-online/> (referer: None)
[2023-01-29T15:32:11.593+0000] {subprocess.py:93} INFO - 2023-01-29 15:32:11 [scrapy.core.engine] DEBUG: Crawled (403) <GET https://tienphong.vn/thuoc-dung-thuoc-tot/> (referer: None)
[2023-01-29T15:32:11.595+0000] {subprocess.py:93} INFO - 2023-01-29 15:32:11 [scrapy.core.engine] DEBUG: Crawled (403) <GET https://tienphong.vn/suc-khoe-thi-tham-ben-goi/> (referer: None)
[2023-01-29T15:32:11.596+0000] {subprocess.py:93} INFO - 2023-01-29 15:32:11 [scrapy.core.engine] DEBUG: Crawled (403) <GET https://tienphong.vn/lam-dep-moi-ngay/> (referer: None)
[2023-01-29T15:32:11.600+0000] {subprocess.py:93} INFO - 2023-01-29 15:32:11 [scrapy.core.engine] DEBUG: Crawled (403) <GET https://tienphong.vn/the-gioi/> (referer: None)
[2023-01-29T15:32:11.604+0000] {subprocess.py:93} INFO - 2023-01-29 15:32:11 [scrapy.core.engine] DEBUG: Crawled (403) <GET https://tienphong.vn/the-gioi-phan-tich-binh-luan/> (referer: None)
[2023-01-29T15:32:11.613+0000] {subprocess.py:93} INFO - 2023-01-29 15:32:11 [scrapy.core.engine] DEBUG: Crawled (403) <GET https://tienphong.vn/chuyen-la/> (referer: None)
[2023-01-29T15:32:11.614+0000] {subprocess.py:93} INFO - 2023-01-29 15:32:11 [scrapy.core.engine] DEBUG: Crawled (403) <GET https://tienphong.vn/gioi-tre-nhip-song/> (referer: None)
[2023-01-29T15:32:11.619+0000] {subprocess.py:93} INFO - 2023-01-29 15:32:11 [scrapy.core.engine] DEBUG: Crawled (403) <GET https://tienphong.vn/phap-luat/> (referer: None)
[2023-01-29T15:32:11.620+0000] {subprocess.py:93} INFO - 2023-01-29 15:32:11 [scrapy.core.engine] DEBUG: Crawled (403) <GET https://tienphong.vn/tai-nang-tre/> (referer: None)
[2023-01-29T15:32:11.621+0000] {subprocess.py:93} INFO - 2023-01-29 15:32:11 [scrapy.core.engine] DEBUG: Crawled (403) <GET https://tienphong.vn/cong-dong-mang/> (referer: None)
[2023-01-29T15:32:11.627+0000] {subprocess.py:93} INFO - 2023-01-29 15:32:11 [scrapy.core.engine] DEBUG: Crawled (403) <GET https://tienphong.vn/ban-tin-113/> (referer: None)
[2023-01-29T15:32:11.629+0000] {subprocess.py:93} INFO - 2023-01-29 15:32:11 [scrapy.spidermiddlewares.httperror] INFO: Ignoring response <403 https://tienphong.vn/kinh-te/>: HTTP status code is not handled or not allowed
[2023-01-29T15:32:11.631+0000] {subprocess.py:93} INFO - 2023-01-29 15:32:11 [scrapy.core.engine] DEBUG: Crawled (403) <GET https://tienphong.vn/phap-luat-chuyen-toa/> (referer: None)
[2023-01-29T15:32:11.632+0000] {subprocess.py:93} INFO - 2023-01-29 15:32:11 [scrapy.core.engine] DEBUG: Crawled (403) <GET https://tienphong.vn/the-thao/> (referer: None)
[2023-01-29T15:32:11.633+0000] {subprocess.py:93} INFO - 2023-01-29 15:32:11 [scrapy.core.engine] DEBUG: Crawled (403) <GET https://tienphong.vn/gioi-tre/> (referer: None)
[2023-01-29T15:32:11.638+0000] {subprocess.py:93} INFO - 2023-01-29 15:32:11 [scrapy.core.engine] DEBUG: Crawled (403) <GET https://tienphong.vn/the-thao-bong-da/> (referer: None)
[2023-01-29T15:32:11.638+0000] {subprocess.py:93} INFO - 2023-01-29 15:32:11 [scrapy.core.engine] DEBUG: Crawled (403) <GET https://tienphong.vn/the-thao-hau-truong/> (referer: None)
[2023-01-29T15:32:11.639+0000] {subprocess.py:93} INFO - 2023-01-29 15:32:11 [scrapy.spidermiddlewares.httperror] INFO: Ignoring response <403 https://tienphong.vn/kinh-te-doanh-nghiep/>: HTTP status code is not handled or not allowed
[2023-01-29T15:32:11.646+0000] {subprocess.py:93} INFO - 2023-01-29 15:32:11 [scrapy.core.engine] DEBUG: Crawled (403) <GET https://tienphong.vn/the-thao-golf/> (referer: None)
[2023-01-29T15:32:11.647+0000] {subprocess.py:93} INFO - 2023-01-29 15:32:11 [scrapy.core.engine] DEBUG: Crawled (403) <GET https://tienphong.vn/hanh-trang-nguoi-linh/> (referer: None)
[2023-01-29T15:32:11.649+0000] {subprocess.py:93} INFO - 2023-01-29 15:32:11 [scrapy.spidermiddlewares.httperror] INFO: Ignoring response <403 https://tienphong.vn/kinh-te-doanh-nhan/>: HTTP status code is not handled or not allowed
[2023-01-29T15:32:11.654+0000] {subprocess.py:93} INFO - 2023-01-29 15:32:11 [scrapy.spidermiddlewares.httperror] INFO: Ignoring response <403 https://tienphong.vn/xa-hoi-phong-su/>: HTTP status code is not handled or not allowed
[2023-01-29T15:32:11.657+0000] {subprocess.py:93} INFO - 2023-01-29 15:32:11 [scrapy.core.engine] DEBUG: Crawled (403) <GET https://tienphong.vn/xe/> (referer: None)
[2023-01-29T15:32:11.660+0000] {subprocess.py:93} INFO - 2023-01-29 15:32:11 [scrapy.spidermiddlewares.httperror] INFO: Ignoring response <403 https://tienphong.vn/xa-hoi-tin-tuc/>: HTTP status code is not handled or not allowed
[2023-01-29T15:32:11.663+0000] {subprocess.py:93} INFO - 2023-01-29 15:32:11 [scrapy.spidermiddlewares.httperror] INFO: Ignoring response <403 https://tienphong.vn/xa-hoi/>: HTTP status code is not handled or not allowed
[2023-01-29T15:32:11.666+0000] {subprocess.py:93} INFO - 2023-01-29 15:32:11 [scrapy.core.engine] DEBUG: Crawled (403) <GET https://tienphong.vn/cong-dong-xe/> (referer: None)
[2023-01-29T15:32:11.667+0000] {subprocess.py:93} INFO - 2023-01-29 15:32:11 [scrapy.core.engine] DEBUG: Crawled (403) <GET https://tienphong.vn/thi-truong-xe/> (referer: None)
[2023-01-29T15:32:11.668+0000] {subprocess.py:93} INFO - 2023-01-29 15:32:11 [scrapy.core.engine] DEBUG: Crawled (403) <GET https://tienphong.vn/danh-gia-xe/> (referer: None)
[2023-01-29T15:32:11.668+0000] {subprocess.py:93} INFO - 2023-01-29 15:32:11 [scrapy.spidermiddlewares.httperror] INFO: Ignoring response <403 https://tienphong.vn/chinh-tri/>: HTTP status code is not handled or not allowed
[2023-01-29T15:32:11.699+0000] {subprocess.py:93} INFO - 2023-01-29 15:32:11 [scrapy.spidermiddlewares.httperror] INFO: Ignoring response <403 https://tienphong.vn/kinh-te-thi-truong/>: HTTP status code is not handled or not allowed
[2023-01-29T15:32:11.702+0000] {subprocess.py:93} INFO - 2023-01-29 15:32:11 [scrapy.spidermiddlewares.httperror] INFO: Ignoring response <403 https://tienphong.vn/world-cup/>: HTTP status code is not handled or not allowed
[2023-01-29T15:32:11.703+0000] {subprocess.py:93} INFO - 2023-01-29 15:32:11 [scrapy.spidermiddlewares.httperror] INFO: Ignoring response <403 https://tienphong.vn/xa-hoi-chuyen-hom-nay/>: HTTP status code is not handled or not allowed
[2023-01-29T15:32:11.705+0000] {subprocess.py:93} INFO - 2023-01-29 15:32:11 [scrapy.core.engine] DEBUG: Crawled (403) <GET https://tienphong.vn/xe-tu-van/> (referer: None)
[2023-01-29T15:32:11.707+0000] {subprocess.py:93} INFO - 2023-01-29 15:32:11 [scrapy.spidermiddlewares.httperror] INFO: Ignoring response <403 https://tienphong.vn/du-lich/>: HTTP status code is not handled or not allowed
[2023-01-29T15:32:11.708+0000] {subprocess.py:93} INFO - 2023-01-29 15:32:11 [scrapy.spidermiddlewares.httperror] INFO: Ignoring response <403 https://tienphong.vn/giam-ngheo-ben-vung/>: HTTP status code is not handled or not allowed
[2023-01-29T15:32:11.709+0000] {subprocess.py:93} INFO - 2023-01-29 15:32:11 [scrapy.spidermiddlewares.httperror] INFO: Ignoring response <403 https://tienphong.vn/dia-oc/>: HTTP status code is not handled or not allowed
[2023-01-29T15:32:11.712+0000] {subprocess.py:93} INFO - 2023-01-29 15:32:11 [scrapy.spidermiddlewares.httperror] INFO: Ignoring response <403 https://tienphong.vn/do-thi/>: HTTP status code is not handled or not allowed
[2023-01-29T15:32:11.713+0000] {subprocess.py:93} INFO - 2023-01-29 15:32:11 [scrapy.spidermiddlewares.httperror] INFO: Ignoring response <403 https://tienphong.vn/thi-truong/>: HTTP status code is not handled or not allowed
[2023-01-29T15:32:11.714+0000] {subprocess.py:93} INFO - 2023-01-29 15:32:11 [scrapy.spidermiddlewares.httperror] INFO: Ignoring response <403 https://tienphong.vn/nha-dep/>: HTTP status code is not handled or not allowed
[2023-01-29T15:32:11.715+0000] {subprocess.py:93} INFO - 2023-01-29 15:32:11 [scrapy.spidermiddlewares.httperror] INFO: Ignoring response <403 https://tienphong.vn/kinh-te-chung-khoan/>: HTTP status code is not handled or not allowed
[2023-01-29T15:32:11.717+0000] {subprocess.py:93} INFO - 2023-01-29 15:32:11 [scrapy.spidermiddlewares.httperror] INFO: Ignoring response <403 https://tienphong.vn/tu-van-dia-oc/>: HTTP status code is not handled or not allowed
[2023-01-29T15:32:11.718+0000] {subprocess.py:93} INFO - 2023-01-29 15:32:11 [scrapy.spidermiddlewares.httperror] INFO: Ignoring response <403 https://tienphong.vn/du-an/>: HTTP status code is not handled or not allowed
[2023-01-29T15:32:11.719+0000] {subprocess.py:93} INFO - 2023-01-29 15:32:11 [scrapy.spidermiddlewares.httperror] INFO: Ignoring response <403 https://tienphong.vn/suc-khoe/>: HTTP status code is not handled or not allowed
[2023-01-29T15:32:11.721+0000] {subprocess.py:93} INFO - 2023-01-29 15:32:11 [scrapy.spidermiddlewares.httperror] INFO: Ignoring response <403 https://tienphong.vn/bac-si-online/>: HTTP status code is not handled or not allowed
[2023-01-29T15:32:11.722+0000] {subprocess.py:93} INFO - 2023-01-29 15:32:11 [scrapy.spidermiddlewares.httperror] INFO: Ignoring response <403 https://tienphong.vn/thuoc-dung-thuoc-tot/>: HTTP status code is not handled or not allowed
[2023-01-29T15:32:11.724+0000] {subprocess.py:93} INFO - 2023-01-29 15:32:11 [scrapy.spidermiddlewares.httperror] INFO: Ignoring response <403 https://tienphong.vn/suc-khoe-thi-tham-ben-goi/>: HTTP status code is not handled or not allowed
[2023-01-29T15:32:11.725+0000] {subprocess.py:93} INFO - 2023-01-29 15:32:11 [scrapy.spidermiddlewares.httperror] INFO: Ignoring response <403 https://tienphong.vn/lam-dep-moi-ngay/>: HTTP status code is not handled or not allowed
[2023-01-29T15:32:11.730+0000] {subprocess.py:93} INFO - 2023-01-29 15:32:11 [scrapy.spidermiddlewares.httperror] INFO: Ignoring response <403 https://tienphong.vn/the-gioi/>: HTTP status code is not handled or not allowed
[2023-01-29T15:32:11.734+0000] {subprocess.py:93} INFO - 2023-01-29 15:32:11 [scrapy.spidermiddlewares.httperror] INFO: Ignoring response <403 https://tienphong.vn/the-gioi-phan-tich-binh-luan/>: HTTP status code is not handled or not allowed
[2023-01-29T15:32:11.736+0000] {subprocess.py:93} INFO - 2023-01-29 15:32:11 [scrapy.core.engine] DEBUG: Crawled (403) <GET https://tienphong.vn/van-hoa/> (referer: None)
[2023-01-29T15:32:11.742+0000] {subprocess.py:93} INFO - 2023-01-29 15:32:11 [scrapy.spidermiddlewares.httperror] INFO: Ignoring response <403 https://tienphong.vn/chuyen-la/>: HTTP status code is not handled or not allowed
[2023-01-29T15:32:11.745+0000] {subprocess.py:93} INFO - 2023-01-29 15:32:11 [scrapy.spidermiddlewares.httperror] INFO: Ignoring response <403 https://tienphong.vn/gioi-tre-nhip-song/>: HTTP status code is not handled or not allowed
[2023-01-29T15:32:11.754+0000] {subprocess.py:93} INFO - 2023-01-29 15:32:11 [scrapy.spidermiddlewares.httperror] INFO: Ignoring response <403 https://tienphong.vn/phap-luat/>: HTTP status code is not handled or not allowed
[2023-01-29T15:32:11.757+0000] {subprocess.py:93} INFO - 2023-01-29 15:32:11 [scrapy.spidermiddlewares.httperror] INFO: Ignoring response <403 https://tienphong.vn/tai-nang-tre/>: HTTP status code is not handled or not allowed
[2023-01-29T15:32:11.759+0000] {subprocess.py:93} INFO - 2023-01-29 15:32:11 [scrapy.spidermiddlewares.httperror] INFO: Ignoring response <403 https://tienphong.vn/cong-dong-mang/>: HTTP status code is not handled or not allowed
[2023-01-29T15:32:11.765+0000] {subprocess.py:93} INFO - 2023-01-29 15:32:11 [scrapy.spidermiddlewares.httperror] INFO: Ignoring response <403 https://tienphong.vn/ban-tin-113/>: HTTP status code is not handled or not allowed
[2023-01-29T15:32:11.770+0000] {subprocess.py:93} INFO - 2023-01-29 15:32:11 [scrapy.spidermiddlewares.httperror] INFO: Ignoring response <403 https://tienphong.vn/phap-luat-chuyen-toa/>: HTTP status code is not handled or not allowed
[2023-01-29T15:32:11.771+0000] {subprocess.py:93} INFO - 2023-01-29 15:32:11 [scrapy.spidermiddlewares.httperror] INFO: Ignoring response <403 https://tienphong.vn/the-thao/>: HTTP status code is not handled or not allowed
[2023-01-29T15:32:11.772+0000] {subprocess.py:93} INFO - 2023-01-29 15:32:11 [scrapy.spidermiddlewares.httperror] INFO: Ignoring response <403 https://tienphong.vn/gioi-tre/>: HTTP status code is not handled or not allowed
[2023-01-29T15:32:11.775+0000] {subprocess.py:93} INFO - 2023-01-29 15:32:11 [scrapy.core.engine] DEBUG: Crawled (403) <GET https://tienphong.vn/tin-van-hoa/> (referer: None)
[2023-01-29T15:32:11.775+0000] {subprocess.py:93} INFO - 2023-01-29 15:32:11 [scrapy.spidermiddlewares.httperror] INFO: Ignoring response <403 https://tienphong.vn/the-thao-bong-da/>: HTTP status code is not handled or not allowed
[2023-01-29T15:32:11.777+0000] {subprocess.py:93} INFO - 2023-01-29 15:32:11 [scrapy.spidermiddlewares.httperror] INFO: Ignoring response <403 https://tienphong.vn/the-thao-hau-truong/>: HTTP status code is not handled or not allowed
[2023-01-29T15:32:11.781+0000] {subprocess.py:93} INFO - 2023-01-29 15:32:11 [scrapy.spidermiddlewares.httperror] INFO: Ignoring response <403 https://tienphong.vn/the-thao-golf/>: HTTP status code is not handled or not allowed
[2023-01-29T15:32:11.782+0000] {subprocess.py:93} INFO - 2023-01-29 15:32:11 [scrapy.spidermiddlewares.httperror] INFO: Ignoring response <403 https://tienphong.vn/hanh-trang-nguoi-linh/>: HTTP status code is not handled or not allowed
[2023-01-29T15:32:11.788+0000] {subprocess.py:93} INFO - 2023-01-29 15:32:11 [scrapy.spidermiddlewares.httperror] INFO: Ignoring response <403 https://tienphong.vn/xe/>: HTTP status code is not handled or not allowed
[2023-01-29T15:32:11.792+0000] {subprocess.py:93} INFO - 2023-01-29 15:32:11 [scrapy.spidermiddlewares.httperror] INFO: Ignoring response <403 https://tienphong.vn/cong-dong-xe/>: HTTP status code is not handled or not allowed
[2023-01-29T15:32:11.793+0000] {subprocess.py:93} INFO - 2023-01-29 15:32:11 [scrapy.spidermiddlewares.httperror] INFO: Ignoring response <403 https://tienphong.vn/thi-truong-xe/>: HTTP status code is not handled or not allowed
[2023-01-29T15:32:11.794+0000] {subprocess.py:93} INFO - 2023-01-29 15:32:11 [scrapy.spidermiddlewares.httperror] INFO: Ignoring response <403 https://tienphong.vn/danh-gia-xe/>: HTTP status code is not handled or not allowed
[2023-01-29T15:32:11.802+0000] {subprocess.py:93} INFO - 2023-01-29 15:32:11 [scrapy.core.engine] DEBUG: Crawled (403) <GET https://tienphong.vn/so-bui/> (referer: None)
[2023-01-29T15:32:11.817+0000] {subprocess.py:93} INFO - 2023-01-29 15:32:11 [scrapy.core.engine] DEBUG: Crawled (403) <GET https://tienphong.vn/cau-chuyen-van-hoa/> (referer: None)
[2023-01-29T15:32:11.817+0000] {subprocess.py:93} INFO - 2023-01-29 15:32:11 [scrapy.spidermiddlewares.httperror] INFO: Ignoring response <403 https://tienphong.vn/xe-tu-van/>: HTTP status code is not handled or not allowed
[2023-01-29T15:32:11.824+0000] {subprocess.py:93} INFO - 2023-01-29 15:32:11 [scrapy.core.engine] DEBUG: Crawled (403) <GET https://tienphong.vn/giai-tri/> (referer: None)
[2023-01-29T15:32:11.826+0000] {subprocess.py:93} INFO - 2023-01-29 15:32:11 [scrapy.core.engine] DEBUG: Crawled (403) <GET https://tienphong.vn/sao/> (referer: None)
[2023-01-29T15:32:11.831+0000] {subprocess.py:93} INFO - 2023-01-29 15:32:11 [scrapy.core.engine] DEBUG: Crawled (403) <GET https://tienphong.vn/lam-dep/> (referer: None)
[2023-01-29T15:32:11.835+0000] {subprocess.py:93} INFO - 2023-01-29 15:32:11 [scrapy.core.engine] DEBUG: Crawled (403) <GET https://tienphong.vn/giai-tri-hau-truong/> (referer: None)
[2023-01-29T15:32:11.838+0000] {subprocess.py:93} INFO - 2023-01-29 15:32:11 [scrapy.core.engine] DEBUG: Crawled (403) <GET https://tienphong.vn/giao-duc/> (referer: None)
[2023-01-29T15:32:11.838+0000] {subprocess.py:93} INFO - 2023-01-29 15:32:11 [scrapy.core.engine] DEBUG: Crawled (403) <GET https://tienphong.vn/cong-truong/> (referer: None)
[2023-01-29T15:32:11.839+0000] {subprocess.py:93} INFO - 2023-01-29 15:32:11 [scrapy.spidermiddlewares.httperror] INFO: Ignoring response <403 https://tienphong.vn/van-hoa/>: HTTP status code is not handled or not allowed
[2023-01-29T15:32:11.843+0000] {subprocess.py:93} INFO - 2023-01-29 15:32:11 [scrapy.core.engine] DEBUG: Crawled (403) <GET https://tienphong.vn/tuyen-sinh2011/> (referer: None)
[2023-01-29T15:32:11.844+0000] {subprocess.py:93} INFO - 2023-01-29 15:32:11 [scrapy.core.engine] DEBUG: Crawled (403) <GET https://tienphong.vn/giao-duc-du-hoc/> (referer: None)
[2023-01-29T15:32:11.848+0000] {subprocess.py:93} INFO - 2023-01-29 15:32:11 [scrapy.core.engine] DEBUG: Crawled (403) <GET https://tienphong.vn/cong-nghe/> (referer: None)
[2023-01-29T15:32:11.850+0000] {subprocess.py:93} INFO - 2023-01-29 15:32:11 [scrapy.core.engine] DEBUG: Crawled (403) <GET https://tienphong.vn/cong-nghe-khoa-hoc/> (referer: None)
[2023-01-29T15:32:11.856+0000] {subprocess.py:93} INFO - 2023-01-29 15:32:11 [scrapy.core.engine] DEBUG: Crawled (403) <GET https://tienphong.vn/cong-nghe-vi-tinh/> (referer: None)
[2023-01-29T15:32:11.859+0000] {subprocess.py:93} INFO - 2023-01-29 15:32:11 [scrapy.core.engine] DEBUG: Crawled (403) <GET https://tienphong.vn/cong-nghe-dien-thoai/> (referer: None)
[2023-01-29T15:32:11.860+0000] {subprocess.py:93} INFO - 2023-01-29 15:32:11 [scrapy.core.engine] DEBUG: Crawled (403) <GET https://tienphong.vn/hoa-hau/> (referer: None)
[2023-01-29T15:32:11.864+0000] {subprocess.py:93} INFO - 2023-01-29 15:32:11 [scrapy.core.engine] DEBUG: Crawled (403) <GET https://tienphong.vn/hh-tin-tuc/> (referer: None)
[2023-01-29T15:32:11.865+0000] {subprocess.py:93} INFO - 2023-01-29 15:32:11 [scrapy.core.engine] DEBUG: Crawled (403) <GET https://tienphong.vn/hau-truong/> (referer: None)
[2023-01-29T15:32:11.867+0000] {subprocess.py:93} INFO - 2023-01-29 15:32:11 [scrapy.core.engine] DEBUG: Crawled (403) <GET https://tienphong.vn/hh-anh/> (referer: None)
[2023-01-29T15:32:11.871+0000] {subprocess.py:93} INFO - 2023-01-29 15:32:11 [scrapy.core.engine] DEBUG: Crawled (403) <GET https://tienphong.vn/ban-doc/> (referer: None)
[2023-01-29T15:32:11.874+0000] {subprocess.py:93} INFO - 2023-01-29 15:32:11 [scrapy.core.engine] DEBUG: Crawled (403) <GET https://tienphong.vn/ban-doc-dieu-tra/> (referer: None)
[2023-01-29T15:32:11.875+0000] {subprocess.py:93} INFO - 2023-01-29 15:32:11 [scrapy.core.engine] DEBUG: Crawled (403) <GET https://tienphong.vn/ban-doc-dien-dan/> (referer: None)
[2023-01-29T15:32:11.876+0000] {subprocess.py:93} INFO - 2023-01-29 15:32:11 [scrapy.spidermiddlewares.httperror] INFO: Ignoring response <403 https://tienphong.vn/tin-van-hoa/>: HTTP status code is not handled or not allowed
[2023-01-29T15:32:11.880+0000] {subprocess.py:93} INFO - 2023-01-29 15:32:11 [scrapy.core.engine] DEBUG: Crawled (403) <GET https://tienphong.vn/ban-doc-hoi-am/> (referer: None)
[2023-01-29T15:32:11.881+0000] {subprocess.py:93} INFO - 2023-01-29 15:32:11 [scrapy.core.engine] DEBUG: Crawled (403) <GET https://tienphong.vn/ban-doc-nhan-ai/> (referer: None)
[2023-01-29T15:32:11.903+0000] {subprocess.py:93} INFO - 2023-01-29 15:32:11 [scrapy.spidermiddlewares.httperror] INFO: Ignoring response <403 https://tienphong.vn/so-bui/>: HTTP status code is not handled or not allowed
[2023-01-29T15:32:11.918+0000] {subprocess.py:93} INFO - 2023-01-29 15:32:11 [scrapy.spidermiddlewares.httperror] INFO: Ignoring response <403 https://tienphong.vn/cau-chuyen-van-hoa/>: HTTP status code is not handled or not allowed
[2023-01-29T15:32:11.925+0000] {subprocess.py:93} INFO - 2023-01-29 15:32:11 [scrapy.spidermiddlewares.httperror] INFO: Ignoring response <403 https://tienphong.vn/giai-tri/>: HTTP status code is not handled or not allowed
[2023-01-29T15:32:11.928+0000] {subprocess.py:93} INFO - 2023-01-29 15:32:11 [scrapy.spidermiddlewares.httperror] INFO: Ignoring response <403 https://tienphong.vn/sao/>: HTTP status code is not handled or not allowed
[2023-01-29T15:32:11.932+0000] {subprocess.py:93} INFO - 2023-01-29 15:32:11 [scrapy.spidermiddlewares.httperror] INFO: Ignoring response <403 https://tienphong.vn/lam-dep/>: HTTP status code is not handled or not allowed
[2023-01-29T15:32:11.937+0000] {subprocess.py:93} INFO - 2023-01-29 15:32:11 [scrapy.spidermiddlewares.httperror] INFO: Ignoring response <403 https://tienphong.vn/giai-tri-hau-truong/>: HTTP status code is not handled or not allowed
[2023-01-29T15:32:11.939+0000] {subprocess.py:93} INFO - 2023-01-29 15:32:11 [scrapy.spidermiddlewares.httperror] INFO: Ignoring response <403 https://tienphong.vn/giao-duc/>: HTTP status code is not handled or not allowed
[2023-01-29T15:32:11.941+0000] {subprocess.py:93} INFO - 2023-01-29 15:32:11 [scrapy.spidermiddlewares.httperror] INFO: Ignoring response <403 https://tienphong.vn/cong-truong/>: HTTP status code is not handled or not allowed
[2023-01-29T15:32:11.946+0000] {subprocess.py:93} INFO - 2023-01-29 15:32:11 [scrapy.spidermiddlewares.httperror] INFO: Ignoring response <403 https://tienphong.vn/tuyen-sinh2011/>: HTTP status code is not handled or not allowed
[2023-01-29T15:32:11.947+0000] {subprocess.py:93} INFO - 2023-01-29 15:32:11 [scrapy.spidermiddlewares.httperror] INFO: Ignoring response <403 https://tienphong.vn/giao-duc-du-hoc/>: HTTP status code is not handled or not allowed
[2023-01-29T15:32:11.951+0000] {subprocess.py:93} INFO - 2023-01-29 15:32:11 [scrapy.spidermiddlewares.httperror] INFO: Ignoring response <403 https://tienphong.vn/cong-nghe/>: HTTP status code is not handled or not allowed
[2023-01-29T15:32:11.952+0000] {subprocess.py:93} INFO - 2023-01-29 15:32:11 [scrapy.spidermiddlewares.httperror] INFO: Ignoring response <403 https://tienphong.vn/cong-nghe-khoa-hoc/>: HTTP status code is not handled or not allowed
[2023-01-29T15:32:11.958+0000] {subprocess.py:93} INFO - 2023-01-29 15:32:11 [scrapy.spidermiddlewares.httperror] INFO: Ignoring response <403 https://tienphong.vn/cong-nghe-vi-tinh/>: HTTP status code is not handled or not allowed
[2023-01-29T15:32:11.960+0000] {subprocess.py:93} INFO - 2023-01-29 15:32:11 [scrapy.spidermiddlewares.httperror] INFO: Ignoring response <403 https://tienphong.vn/cong-nghe-dien-thoai/>: HTTP status code is not handled or not allowed
[2023-01-29T15:32:11.961+0000] {subprocess.py:93} INFO - 2023-01-29 15:32:11 [scrapy.spidermiddlewares.httperror] INFO: Ignoring response <403 https://tienphong.vn/hoa-hau/>: HTTP status code is not handled or not allowed
[2023-01-29T15:32:11.965+0000] {subprocess.py:93} INFO - 2023-01-29 15:32:11 [scrapy.spidermiddlewares.httperror] INFO: Ignoring response <403 https://tienphong.vn/hh-tin-tuc/>: HTTP status code is not handled or not allowed
[2023-01-29T15:32:11.966+0000] {subprocess.py:93} INFO - 2023-01-29 15:32:11 [scrapy.spidermiddlewares.httperror] INFO: Ignoring response <403 https://tienphong.vn/hau-truong/>: HTTP status code is not handled or not allowed
[2023-01-29T15:32:11.971+0000] {subprocess.py:93} INFO - 2023-01-29 15:32:11 [scrapy.spidermiddlewares.httperror] INFO: Ignoring response <403 https://tienphong.vn/hh-anh/>: HTTP status code is not handled or not allowed
[2023-01-29T15:32:11.973+0000] {subprocess.py:93} INFO - 2023-01-29 15:32:11 [scrapy.spidermiddlewares.httperror] INFO: Ignoring response <403 https://tienphong.vn/ban-doc/>: HTTP status code is not handled or not allowed
[2023-01-29T15:32:11.976+0000] {subprocess.py:93} INFO - 2023-01-29 15:32:11 [scrapy.spidermiddlewares.httperror] INFO: Ignoring response <403 https://tienphong.vn/ban-doc-dieu-tra/>: HTTP status code is not handled or not allowed
[2023-01-29T15:32:11.977+0000] {subprocess.py:93} INFO - 2023-01-29 15:32:11 [scrapy.spidermiddlewares.httperror] INFO: Ignoring response <403 https://tienphong.vn/ban-doc-dien-dan/>: HTTP status code is not handled or not allowed
[2023-01-29T15:32:11.982+0000] {subprocess.py:93} INFO - 2023-01-29 15:32:11 [scrapy.spidermiddlewares.httperror] INFO: Ignoring response <403 https://tienphong.vn/ban-doc-hoi-am/>: HTTP status code is not handled or not allowed
[2023-01-29T15:32:11.983+0000] {subprocess.py:93} INFO - 2023-01-29 15:32:11 [scrapy.spidermiddlewares.httperror] INFO: Ignoring response <403 https://tienphong.vn/ban-doc-nhan-ai/>: HTTP status code is not handled or not allowed
[2023-01-29T15:32:11.987+0000] {subprocess.py:93} INFO - 2023-01-29 15:32:11 [scrapy.core.engine] INFO: Closing spider (finished)
[2023-01-29T15:32:11.988+0000] {subprocess.py:93} INFO - 2023-01-29 15:32:11 [scrapy.statscollectors] INFO: Dumping Scrapy stats:
[2023-01-29T15:32:11.988+0000] {subprocess.py:93} INFO - {'downloader/request_bytes': 15783,
[2023-01-29T15:32:11.988+0000] {subprocess.py:93} INFO -  'downloader/request_count': 70,
[2023-01-29T15:32:11.988+0000] {subprocess.py:93} INFO -  'downloader/request_method_count/GET': 70,
[2023-01-29T15:32:11.988+0000] {subprocess.py:93} INFO -  'downloader/response_bytes': 8330,
[2023-01-29T15:32:11.988+0000] {subprocess.py:93} INFO -  'downloader/response_count': 70,
[2023-01-29T15:32:11.988+0000] {subprocess.py:93} INFO -  'downloader/response_status_count/403': 70,
[2023-01-29T15:32:11.988+0000] {subprocess.py:93} INFO -  'elapsed_time_seconds': 0.532426,
[2023-01-29T15:32:11.988+0000] {subprocess.py:93} INFO -  'finish_reason': 'finished',
[2023-01-29T15:32:11.989+0000] {subprocess.py:93} INFO -  'finish_time': datetime.datetime(2023, 1, 29, 15, 32, 11, 987563),
[2023-01-29T15:32:11.989+0000] {subprocess.py:93} INFO -  'httperror/response_ignored_count': 69,
[2023-01-29T15:32:11.989+0000] {subprocess.py:93} INFO -  'httperror/response_ignored_status_count/403': 69,
[2023-01-29T15:32:11.989+0000] {subprocess.py:93} INFO -  'log_count/DEBUG': 71,
[2023-01-29T15:32:11.989+0000] {subprocess.py:93} INFO -  'log_count/INFO': 79,
[2023-01-29T15:32:11.989+0000] {subprocess.py:93} INFO -  'log_count/WARNING': 1,
[2023-01-29T15:32:11.989+0000] {subprocess.py:93} INFO -  'memusage/max': 67563520,
[2023-01-29T15:32:11.989+0000] {subprocess.py:93} INFO -  'memusage/startup': 67563520,
[2023-01-29T15:32:11.989+0000] {subprocess.py:93} INFO -  'response_received_count': 70,
[2023-01-29T15:32:11.989+0000] {subprocess.py:93} INFO -  'robotstxt/request_count': 1,
[2023-01-29T15:32:11.989+0000] {subprocess.py:93} INFO -  'robotstxt/response_count': 1,
[2023-01-29T15:32:11.989+0000] {subprocess.py:93} INFO -  'robotstxt/response_status_count/403': 1,
[2023-01-29T15:32:11.990+0000] {subprocess.py:93} INFO -  'scheduler/dequeued': 69,
[2023-01-29T15:32:11.990+0000] {subprocess.py:93} INFO -  'scheduler/dequeued/memory': 69,
[2023-01-29T15:32:11.990+0000] {subprocess.py:93} INFO -  'scheduler/enqueued': 69,
[2023-01-29T15:32:11.990+0000] {subprocess.py:93} INFO -  'scheduler/enqueued/memory': 69,
[2023-01-29T15:32:11.990+0000] {subprocess.py:93} INFO -  'start_time': datetime.datetime(2023, 1, 29, 15, 32, 11, 455137)}
[2023-01-29T15:32:11.990+0000] {subprocess.py:93} INFO - 2023-01-29 15:32:11 [scrapy.core.engine] INFO: Spider closed (finished)
[2023-01-29T15:32:12.109+0000] {subprocess.py:97} INFO - Command exited with return code 0
[2023-01-29T15:32:12.143+0000] {taskinstance.py:1323} INFO - Marking task as SUCCESS. dag_id=crawl_tienphong, task_id=crawler, execution_date=20230129T153200, start_date=20230129T153202, end_date=20230129T153212
[2023-01-29T15:32:12.203+0000] {local_task_job.py:208} INFO - Task exited with return code 0
[2023-01-29T15:32:12.227+0000] {taskinstance.py:2578} INFO - 1 downstream tasks scheduled from follow-on schedule check
