[2023-02-01T07:14:01.835+0000] {taskinstance.py:1083} INFO - Dependencies all met for <TaskInstance: hello_world_dag.hello_world_task scheduled__2023-02-01T07:13:00+00:00 [queued]>
[2023-02-01T07:14:01.842+0000] {taskinstance.py:1083} INFO - Dependencies all met for <TaskInstance: hello_world_dag.hello_world_task scheduled__2023-02-01T07:13:00+00:00 [queued]>
[2023-02-01T07:14:01.842+0000] {taskinstance.py:1279} INFO - 
--------------------------------------------------------------------------------
[2023-02-01T07:14:01.842+0000] {taskinstance.py:1280} INFO - Starting attempt 1 of 4
[2023-02-01T07:14:01.842+0000] {taskinstance.py:1281} INFO - 
--------------------------------------------------------------------------------
[2023-02-01T07:14:01.856+0000] {taskinstance.py:1300} INFO - Executing <Task(PythonOperator): hello_world_task> on 2023-02-01 07:13:00+00:00
[2023-02-01T07:14:01.860+0000] {standard_task_runner.py:55} INFO - Started process 4754 to run task
[2023-02-01T07:14:01.863+0000] {standard_task_runner.py:82} INFO - Running: ['***', 'tasks', 'run', 'hello_world_dag', 'hello_world_task', 'scheduled__2023-02-01T07:13:00+00:00', '--job-id', '2426', '--raw', '--subdir', 'DAGS_FOLDER/hello_world_dag.py', '--cfg-path', '/tmp/tmp_w6f_zxk']
[2023-02-01T07:14:01.863+0000] {standard_task_runner.py:83} INFO - Job 2426: Subtask hello_world_task
[2023-02-01T07:14:01.914+0000] {task_command.py:388} INFO - Running <TaskInstance: hello_world_dag.hello_world_task scheduled__2023-02-01T07:13:00+00:00 [running]> on host 9be4ecca8506
[2023-02-01T07:14:02.021+0000] {taskinstance.py:1509} INFO - Exporting the following env vars:
AIRFLOW_CTX_DAG_OWNER=Ranga
AIRFLOW_CTX_DAG_ID=hello_world_dag
AIRFLOW_CTX_TASK_ID=hello_world_task
AIRFLOW_CTX_EXECUTION_DATE=2023-02-01T07:13:00+00:00
AIRFLOW_CTX_TRY_NUMBER=1
AIRFLOW_CTX_DAG_RUN_ID=scheduled__2023-02-01T07:13:00+00:00
[2023-02-01T07:14:02.022+0000] {logging_mixin.py:137} INFO - Hello World!
[2023-02-01T07:14:02.022+0000] {python.py:177} INFO - Done. Returned value was: None
[2023-02-01T07:14:02.030+0000] {taskinstance.py:1323} INFO - Marking task as SUCCESS. dag_id=hello_world_dag, task_id=hello_world_task, execution_date=20230201T071300, start_date=20230201T071401, end_date=20230201T071402
[2023-02-01T07:14:02.075+0000] {local_task_job.py:208} INFO - Task exited with return code 0
[2023-02-01T07:14:02.135+0000] {taskinstance.py:2578} INFO - 1 downstream tasks scheduled from follow-on schedule check
